RepVGG Block, identity =  None
RepVGG Block, identity =  None
RepVGG Block, identity =  BatchNorm2d(48, eps=1e-05, momentum=0.1, affine=True, track_running_stats=True)
RepVGG Block, identity =  None
RepVGG Block, identity =  BatchNorm2d(96, eps=1e-05, momentum=0.1, affine=True, track_running_stats=True)
RepVGG Block, identity =  BatchNorm2d(96, eps=1e-05, momentum=0.1, affine=True, track_running_stats=True)
RepVGG Block, identity =  BatchNorm2d(96, eps=1e-05, momentum=0.1, affine=True, track_running_stats=True)
RepVGG Block, identity =  None
RepVGG Block, identity =  BatchNorm2d(192, eps=1e-05, momentum=0.1, affine=True, track_running_stats=True)
RepVGG Block, identity =  BatchNorm2d(192, eps=1e-05, momentum=0.1, affine=True, track_running_stats=True)
RepVGG Block, identity =  BatchNorm2d(192, eps=1e-05, momentum=0.1, affine=True, track_running_stats=True)
RepVGG Block, identity =  BatchNorm2d(192, eps=1e-05, momentum=0.1, affine=True, track_running_stats=True)
RepVGG Block, identity =  BatchNorm2d(192, eps=1e-05, momentum=0.1, affine=True, track_running_stats=True)
RepVGG Block, identity =  BatchNorm2d(192, eps=1e-05, momentum=0.1, affine=True, track_running_stats=True)
RepVGG Block, identity =  BatchNorm2d(192, eps=1e-05, momentum=0.1, affine=True, track_running_stats=True)
RepVGG Block, identity =  BatchNorm2d(192, eps=1e-05, momentum=0.1, affine=True, track_running_stats=True)
RepVGG Block, identity =  BatchNorm2d(192, eps=1e-05, momentum=0.1, affine=True, track_running_stats=True)
RepVGG Block, identity =  BatchNorm2d(192, eps=1e-05, momentum=0.1, affine=True, track_running_stats=True)
RepVGG Block, identity =  BatchNorm2d(192, eps=1e-05, momentum=0.1, affine=True, track_running_stats=True)
RepVGG Block, identity =  BatchNorm2d(192, eps=1e-05, momentum=0.1, affine=True, track_running_stats=True)
RepVGG Block, identity =  BatchNorm2d(192, eps=1e-05, momentum=0.1, affine=True, track_running_stats=True)
RepVGG Block, identity =  None
Loading data.
/data1/xiancai/FACE_ANGLE_DATA/2022_03_15/300W_LP/files.txt
Starting training.
/home/xiancai/.local/lib/python3.7/site-packages/torch/optim/adam.py:74: UserWarning: optimizer contains a parameter group with duplicate parameters; in future, this will cause an error; see github.com/pytorch/pytorch/issues/40967 for more information
  super(Adam, self).__init__(params, defaults)
Traceback (most recent call last):
  File "train.py", line 172, in <module>
    for i, (images, gt_mat, _, _) in enumerate(train_loader):
  File "/home/xiancai/.local/lib/python3.7/site-packages/torch/utils/data/dataloader.py", line 521, in __next__
    data = self._next_data()
  File "/home/xiancai/.local/lib/python3.7/site-packages/torch/utils/data/dataloader.py", line 1203, in _next_data
    return self._process_data(data)
  File "/home/xiancai/.local/lib/python3.7/site-packages/torch/utils/data/dataloader.py", line 1229, in _process_data
    data.reraise()
  File "/home/xiancai/.local/lib/python3.7/site-packages/torch/_utils.py", line 434, in reraise
    raise exception
ValueError: Caught ValueError in DataLoader worker process 0.
Original Traceback (most recent call last):
  File "/home/xiancai/.local/lib/python3.7/site-packages/torch/utils/data/_utils/worker.py", line 287, in _worker_loop
    data = fetcher.fetch(index)
  File "/home/xiancai/.local/lib/python3.7/site-packages/torch/utils/data/_utils/fetch.py", line 49, in fetch
    data = [self.dataset[idx] for idx in possibly_batched_index]
  File "/home/xiancai/.local/lib/python3.7/site-packages/torch/utils/data/_utils/fetch.py", line 49, in <listcomp>
    data = [self.dataset[idx] for idx in possibly_batched_index]
  File "/home/xiancai/face_angle/6DRepNet/datasets.py", line 289, in __getitem__
    img = img.transpose(Image.FLIP_LEFT_RIGHT)
ValueError: axes don't match array

