Loading data.
/data1/xiancai/FACE_ANGLE_DATA/2022_03_15/300W_LP/files.txt
Starting training.
Epoch [1/60], Iter [100/1913] lr 0.0800 Loss: 0.069061
Epoch [1/60], Iter [200/1913] lr 0.0800 Loss: 0.055356
Epoch [1/60], Iter [300/1913] lr 0.0800 Loss: 0.064952
Epoch [1/60], Iter [400/1913] lr 0.0800 Loss: 0.068719
Epoch [1/60], Iter [500/1913] lr 0.0800 Loss: 0.087549
Epoch [1/60], Iter [600/1913] lr 0.0800 Loss: 0.231900
Epoch [1/60], Iter [700/1913] lr 0.0800 Loss: 0.210171
Epoch [1/60], Iter [800/1913] lr 0.0800 Loss: 0.269102
Epoch [1/60], Iter [900/1913] lr 0.0800 Loss: 0.183378
Epoch [1/60], Iter [1000/1913] lr 0.0800 Loss: 0.145133
Epoch [1/60], Iter [1100/1913] lr 0.0800 Loss: 0.144810
Epoch [1/60], Iter [1200/1913] lr 0.0800 Loss: 0.148277
Epoch [1/60], Iter [1300/1913] lr 0.0800 Loss: 0.095965
Epoch [1/60], Iter [1400/1913] lr 0.0800 Loss: 0.111848
Epoch [1/60], Iter [1500/1913] lr 0.0800 Loss: 0.116650
Epoch [1/60], Iter [1600/1913] lr 0.0800 Loss: 0.120759
Epoch [1/60], Iter [1700/1913] lr 0.0800 Loss: 0.085966
Epoch [1/60], Iter [1800/1913] lr 0.0800 Loss: 0.091957
Epoch [1/60], Iter [1900/1913] lr 0.0800 Loss: 0.092944
Loading test_data.
/data1/xiancai/FACE_ANGLE_DATA/2022_03_15/AFLW2000/files.txt
Yaw: 23.2942, Pitch: 11.1034, Roll: 10.7683, MAE: 15.0553
saved to output/snapshots/SixDRepNet_1647706641_bs64/res18_epoch_1_mae15.0553.pth
Epoch [2/60], Iter [100/1913] lr 0.0800 Loss: 0.091913
Epoch [2/60], Iter [200/1913] lr 0.0800 Loss: 0.093537
Epoch [2/60], Iter [300/1913] lr 0.0800 Loss: 0.089571
Epoch [2/60], Iter [400/1913] lr 0.0800 Loss: 0.085073
Epoch [2/60], Iter [500/1913] lr 0.0800 Loss: 0.112130
Epoch [2/60], Iter [600/1913] lr 0.0800 Loss: 0.088462
Epoch [2/60], Iter [700/1913] lr 0.0800 Loss: 0.086004
Epoch [2/60], Iter [800/1913] lr 0.0800 Loss: 0.084776
Epoch [2/60], Iter [900/1913] lr 0.0800 Loss: 0.081406
Epoch [2/60], Iter [1000/1913] lr 0.0800 Loss: 0.075260
Epoch [2/60], Iter [1100/1913] lr 0.0800 Loss: 0.082592
Epoch [2/60], Iter [1200/1913] lr 0.0800 Loss: 0.079739
Epoch [2/60], Iter [1300/1913] lr 0.0800 Loss: 0.069630
Epoch [2/60], Iter [1400/1913] lr 0.0800 Loss: 0.075467
Epoch [2/60], Iter [1500/1913] lr 0.0800 Loss: 0.077828
Epoch [2/60], Iter [1600/1913] lr 0.0800 Loss: 0.086230
Epoch [2/60], Iter [1700/1913] lr 0.0800 Loss: 0.071074
Epoch [2/60], Iter [1800/1913] lr 0.0800 Loss: 0.083426
Epoch [2/60], Iter [1900/1913] lr 0.0800 Loss: 0.069671
Epoch [3/60], Iter [100/1913] lr 0.0800 Loss: 0.071194
Epoch [3/60], Iter [200/1913] lr 0.0800 Loss: 0.072835
Epoch [3/60], Iter [300/1913] lr 0.0800 Loss: 0.087544
Epoch [3/60], Iter [400/1913] lr 0.0800 Loss: 0.075007
Epoch [3/60], Iter [500/1913] lr 0.0800 Loss: 0.063813
Epoch [3/60], Iter [600/1913] lr 0.0800 Loss: 0.065593
Epoch [3/60], Iter [700/1913] lr 0.0800 Loss: 0.065476
Epoch [3/60], Iter [800/1913] lr 0.0800 Loss: 0.064146
Epoch [3/60], Iter [900/1913] lr 0.0800 Loss: 0.075069
Epoch [3/60], Iter [1000/1913] lr 0.0800 Loss: 0.075740
Epoch [3/60], Iter [1100/1913] lr 0.0800 Loss: 0.081854
Epoch [3/60], Iter [1200/1913] lr 0.0800 Loss: 0.070494
Epoch [3/60], Iter [1300/1913] lr 0.0800 Loss: 0.075045
Epoch [3/60], Iter [1400/1913] lr 0.0800 Loss: 0.069874
Epoch [3/60], Iter [1500/1913] lr 0.0800 Loss: 0.069129
Epoch [3/60], Iter [1600/1913] lr 0.0800 Loss: 0.073026
Epoch [3/60], Iter [1700/1913] lr 0.0800 Loss: 0.070396
Epoch [3/60], Iter [1800/1913] lr 0.0800 Loss: 0.058861
Epoch [3/60], Iter [1900/1913] lr 0.0800 Loss: 0.056236
Yaw: 20.8777, Pitch: 10.4984, Roll: 8.7419, MAE: 13.3727
saved to output/snapshots/SixDRepNet_1647706641_bs64/res18_epoch_3_mae13.3727.pth
Epoch [4/60], Iter [100/1913] lr 0.0800 Loss: 0.069375
Epoch [4/60], Iter [200/1913] lr 0.0800 Loss: 0.062299
Epoch [4/60], Iter [300/1913] lr 0.0800 Loss: 0.070272
Epoch [4/60], Iter [400/1913] lr 0.0800 Loss: 0.104641
Epoch [4/60], Iter [500/1913] lr 0.0800 Loss: 0.093758
Epoch [4/60], Iter [600/1913] lr 0.0800 Loss: 0.067478
Epoch [4/60], Iter [700/1913] lr 0.0800 Loss: 0.074361
Epoch [4/60], Iter [800/1913] lr 0.0800 Loss: 0.069481
Epoch [4/60], Iter [900/1913] lr 0.0800 Loss: 0.072430
Epoch [4/60], Iter [1000/1913] lr 0.0800 Loss: 0.089467
Epoch [4/60], Iter [1100/1913] lr 0.0800 Loss: 0.074791
Epoch [4/60], Iter [1200/1913] lr 0.0800 Loss: 0.061261
Epoch [4/60], Iter [1300/1913] lr 0.0800 Loss: 0.072253
Epoch [4/60], Iter [1400/1913] lr 0.0800 Loss: 0.059618
Epoch [4/60], Iter [1500/1913] lr 0.0800 Loss: 0.065948
Epoch [4/60], Iter [1600/1913] lr 0.0800 Loss: 0.064657
Epoch [4/60], Iter [1700/1913] lr 0.0800 Loss: 0.076742
Epoch [4/60], Iter [1800/1913] lr 0.0800 Loss: 0.062750
Epoch [4/60], Iter [1900/1913] lr 0.0800 Loss: 0.070329
Epoch [5/60], Iter [100/1913] lr 0.0800 Loss: 0.065481
Epoch [5/60], Iter [200/1913] lr 0.0800 Loss: 0.057360
Epoch [5/60], Iter [300/1913] lr 0.0800 Loss: 0.063189
Epoch [5/60], Iter [400/1913] lr 0.0800 Loss: 0.065166
Epoch [5/60], Iter [500/1913] lr 0.0800 Loss: 0.063140
Epoch [5/60], Iter [600/1913] lr 0.0800 Loss: 0.069257
Epoch [5/60], Iter [700/1913] lr 0.0800 Loss: 0.063970
Epoch [5/60], Iter [800/1913] lr 0.0800 Loss: 0.063960
Epoch [5/60], Iter [900/1913] lr 0.0800 Loss: 0.058101
Epoch [5/60], Iter [1000/1913] lr 0.0800 Loss: 0.073630
Epoch [5/60], Iter [1100/1913] lr 0.0800 Loss: 0.057097
Epoch [5/60], Iter [1200/1913] lr 0.0800 Loss: 0.058171
Epoch [5/60], Iter [1300/1913] lr 0.0800 Loss: 0.061381
Epoch [5/60], Iter [1400/1913] lr 0.0800 Loss: 0.064028
Epoch [5/60], Iter [1500/1913] lr 0.0800 Loss: 0.059438
Epoch [5/60], Iter [1600/1913] lr 0.0800 Loss: 0.056356
Epoch [5/60], Iter [1700/1913] lr 0.0800 Loss: 0.058318
Epoch [5/60], Iter [1800/1913] lr 0.0800 Loss: 0.049257
Epoch [5/60], Iter [1900/1913] lr 0.0800 Loss: 0.058285
Yaw: 19.8826, Pitch: 10.1503, Roll: 8.6426, MAE: 12.8918
saved to output/snapshots/SixDRepNet_1647706641_bs64/res18_epoch_5_mae12.8918.pth
Epoch [6/60], Iter [100/1913] lr 0.0800 Loss: 0.058062
Epoch [6/60], Iter [200/1913] lr 0.0800 Loss: 0.062417
Epoch [6/60], Iter [300/1913] lr 0.0800 Loss: 0.061138
Epoch [6/60], Iter [400/1913] lr 0.0800 Loss: 0.053338
Epoch [6/60], Iter [500/1913] lr 0.0800 Loss: 0.054486
Epoch [6/60], Iter [600/1913] lr 0.0800 Loss: 0.062796
Epoch [6/60], Iter [700/1913] lr 0.0800 Loss: 0.060808
Epoch [6/60], Iter [800/1913] lr 0.0800 Loss: 0.058612
Epoch [6/60], Iter [900/1913] lr 0.0800 Loss: 0.055825
Epoch [6/60], Iter [1000/1913] lr 0.0800 Loss: 0.061518
Epoch [6/60], Iter [1100/1913] lr 0.0800 Loss: 0.066287
Epoch [6/60], Iter [1200/1913] lr 0.0800 Loss: 0.058486
Epoch [6/60], Iter [1300/1913] lr 0.0800 Loss: 0.062712
Epoch [6/60], Iter [1400/1913] lr 0.0800 Loss: 0.063762
Epoch [6/60], Iter [1500/1913] lr 0.0800 Loss: 0.065244
Epoch [6/60], Iter [1600/1913] lr 0.0800 Loss: 0.057487
Epoch [6/60], Iter [1700/1913] lr 0.0800 Loss: 0.057820
Epoch [6/60], Iter [1800/1913] lr 0.0800 Loss: 0.058454
Epoch [6/60], Iter [1900/1913] lr 0.0800 Loss: 0.059463
Epoch [7/60], Iter [100/1913] lr 0.0800 Loss: 0.044380
Epoch [7/60], Iter [200/1913] lr 0.0800 Loss: 0.061276
Epoch [7/60], Iter [300/1913] lr 0.0800 Loss: 0.062656
Epoch [7/60], Iter [400/1913] lr 0.0800 Loss: 0.058908
Epoch [7/60], Iter [500/1913] lr 0.0800 Loss: 0.060480
Epoch [7/60], Iter [600/1913] lr 0.0800 Loss: 0.065851
Epoch [7/60], Iter [700/1913] lr 0.0800 Loss: 0.057012
Epoch [7/60], Iter [800/1913] lr 0.0800 Loss: 0.057579
Epoch [7/60], Iter [900/1913] lr 0.0800 Loss: 0.051614
Epoch [7/60], Iter [1000/1913] lr 0.0800 Loss: 0.058221
Epoch [7/60], Iter [1100/1913] lr 0.0800 Loss: 0.058136
Epoch [7/60], Iter [1200/1913] lr 0.0800 Loss: 0.058723
Epoch [7/60], Iter [1300/1913] lr 0.0800 Loss: 0.056977
Epoch [7/60], Iter [1400/1913] lr 0.0800 Loss: 0.054381
Epoch [7/60], Iter [1500/1913] lr 0.0800 Loss: 0.050562
Epoch [7/60], Iter [1600/1913] lr 0.0800 Loss: 0.054960
Epoch [7/60], Iter [1700/1913] lr 0.0800 Loss: 0.057737
Epoch [7/60], Iter [1800/1913] lr 0.0800 Loss: 0.056256
Epoch [7/60], Iter [1900/1913] lr 0.0800 Loss: 0.058637
Yaw: 18.5694, Pitch: 10.1777, Roll: 8.7372, MAE: 12.4947
saved to output/snapshots/SixDRepNet_1647706641_bs64/res18_epoch_7_mae12.4947.pth
Epoch [8/60], Iter [100/1913] lr 0.0800 Loss: 0.059272
Epoch [8/60], Iter [200/1913] lr 0.0800 Loss: 0.057928
Epoch [8/60], Iter [300/1913] lr 0.0800 Loss: 0.059225
Epoch [8/60], Iter [400/1913] lr 0.0800 Loss: 0.060713
Epoch [8/60], Iter [500/1913] lr 0.0800 Loss: 0.064440
Epoch [8/60], Iter [600/1913] lr 0.0800 Loss: 0.054213
Epoch [8/60], Iter [700/1913] lr 0.0800 Loss: 0.057736
Epoch [8/60], Iter [800/1913] lr 0.0800 Loss: 0.057706
Epoch [8/60], Iter [900/1913] lr 0.0800 Loss: 0.076601
Epoch [8/60], Iter [1000/1913] lr 0.0800 Loss: 0.056897
Epoch [8/60], Iter [1100/1913] lr 0.0800 Loss: 0.056956
Epoch [8/60], Iter [1200/1913] lr 0.0800 Loss: 0.059354
Epoch [8/60], Iter [1300/1913] lr 0.0800 Loss: 0.057800
Epoch [8/60], Iter [1400/1913] lr 0.0800 Loss: 0.055972
Epoch [8/60], Iter [1500/1913] lr 0.0800 Loss: 0.056164
Epoch [8/60], Iter [1600/1913] lr 0.0800 Loss: 0.057015
Epoch [8/60], Iter [1700/1913] lr 0.0800 Loss: 0.054192
Epoch [8/60], Iter [1800/1913] lr 0.0800 Loss: 0.054003
Epoch [8/60], Iter [1900/1913] lr 0.0800 Loss: 0.059005
Epoch [9/60], Iter [100/1913] lr 0.0800 Loss: 0.052193
Epoch [9/60], Iter [200/1913] lr 0.0800 Loss: 0.054770
Epoch [9/60], Iter [300/1913] lr 0.0800 Loss: 0.055185
Epoch [9/60], Iter [400/1913] lr 0.0800 Loss: 0.056951
Epoch [9/60], Iter [500/1913] lr 0.0800 Loss: 0.056784
Epoch [9/60], Iter [600/1913] lr 0.0800 Loss: 0.051729
Epoch [9/60], Iter [700/1913] lr 0.0800 Loss: 0.053225
Epoch [9/60], Iter [800/1913] lr 0.0800 Loss: 0.053516
Epoch [9/60], Iter [900/1913] lr 0.0800 Loss: 0.052181
Epoch [9/60], Iter [1000/1913] lr 0.0800 Loss: 0.052196
Epoch [9/60], Iter [1100/1913] lr 0.0800 Loss: 0.055044
Epoch [9/60], Iter [1200/1913] lr 0.0800 Loss: 0.048053
Epoch [9/60], Iter [1300/1913] lr 0.0800 Loss: 0.048419
Epoch [9/60], Iter [1400/1913] lr 0.0800 Loss: 0.050603
Epoch [9/60], Iter [1500/1913] lr 0.0800 Loss: 0.058995
Epoch [9/60], Iter [1600/1913] lr 0.0800 Loss: 0.058584
Epoch [9/60], Iter [1700/1913] lr 0.0800 Loss: 0.049102
Epoch [9/60], Iter [1800/1913] lr 0.0800 Loss: 0.056028
Epoch [9/60], Iter [1900/1913] lr 0.0800 Loss: 0.056377
Yaw: 19.8814, Pitch: 9.7516, Roll: 8.9774, MAE: 12.8701
saved to output/snapshots/SixDRepNet_1647706641_bs64/res18_epoch_9_mae12.8701.pth
Epoch [10/60], Iter [100/1913] lr 0.0800 Loss: 0.052930
Epoch [10/60], Iter [200/1913] lr 0.0800 Loss: 0.062879
Epoch [10/60], Iter [300/1913] lr 0.0800 Loss: 0.048548
Epoch [10/60], Iter [400/1913] lr 0.0800 Loss: 0.052634
Epoch [10/60], Iter [500/1913] lr 0.0800 Loss: 0.058165
Epoch [10/60], Iter [600/1913] lr 0.0800 Loss: 0.056150
Epoch [10/60], Iter [700/1913] lr 0.0800 Loss: 0.061099
Epoch [10/60], Iter [800/1913] lr 0.0800 Loss: 0.057339
Epoch [10/60], Iter [900/1913] lr 0.0800 Loss: 0.051660
Epoch [10/60], Iter [1000/1913] lr 0.0800 Loss: 0.058872
Epoch [10/60], Iter [1100/1913] lr 0.0800 Loss: 0.054885
Epoch [10/60], Iter [1200/1913] lr 0.0800 Loss: 0.060204
Epoch [10/60], Iter [1300/1913] lr 0.0800 Loss: 0.067876
Epoch [10/60], Iter [1400/1913] lr 0.0800 Loss: 0.055516
Epoch [10/60], Iter [1500/1913] lr 0.0800 Loss: 0.054401
Epoch [10/60], Iter [1600/1913] lr 0.0800 Loss: 0.057684
Epoch [10/60], Iter [1700/1913] lr 0.0800 Loss: 0.053248
Epoch [10/60], Iter [1800/1913] lr 0.0800 Loss: 0.055719
Epoch [10/60], Iter [1900/1913] lr 0.0800 Loss: 0.055506
Epoch [11/60], Iter [100/1913] lr 0.0400 Loss: 0.053809
Epoch [11/60], Iter [200/1913] lr 0.0400 Loss: 0.043811
Epoch [11/60], Iter [300/1913] lr 0.0400 Loss: 0.049212
Epoch [11/60], Iter [400/1913] lr 0.0400 Loss: 0.045782
Epoch [11/60], Iter [500/1913] lr 0.0400 Loss: 0.051943
Epoch [11/60], Iter [600/1913] lr 0.0400 Loss: 0.053713
Epoch [11/60], Iter [700/1913] lr 0.0400 Loss: 0.054462
Epoch [11/60], Iter [800/1913] lr 0.0400 Loss: 0.056009
Epoch [11/60], Iter [900/1913] lr 0.0400 Loss: 0.042065
Epoch [11/60], Iter [1000/1913] lr 0.0400 Loss: 0.045259
Epoch [11/60], Iter [1100/1913] lr 0.0400 Loss: 0.052414
Epoch [11/60], Iter [1200/1913] lr 0.0400 Loss: 0.048154
Epoch [11/60], Iter [1300/1913] lr 0.0400 Loss: 0.049931
Epoch [11/60], Iter [1400/1913] lr 0.0400 Loss: 0.043242
Epoch [11/60], Iter [1500/1913] lr 0.0400 Loss: 0.043902
Epoch [11/60], Iter [1600/1913] lr 0.0400 Loss: 0.045918
Epoch [11/60], Iter [1700/1913] lr 0.0400 Loss: 0.040011
Epoch [11/60], Iter [1800/1913] lr 0.0400 Loss: 0.040999
Epoch [11/60], Iter [1900/1913] lr 0.0400 Loss: 0.045784
Yaw: 17.6924, Pitch: 9.5684, Roll: 8.8076, MAE: 12.0228
saved to output/snapshots/SixDRepNet_1647706641_bs64/res18_epoch_11_mae12.0228.pth
Epoch [12/60], Iter [100/1913] lr 0.0400 Loss: 0.044442
Epoch [12/60], Iter [200/1913] lr 0.0400 Loss: 0.046557
Epoch [12/60], Iter [300/1913] lr 0.0400 Loss: 0.047561
Epoch [12/60], Iter [400/1913] lr 0.0400 Loss: 0.049943
Epoch [12/60], Iter [500/1913] lr 0.0400 Loss: 0.046999
Epoch [12/60], Iter [600/1913] lr 0.0400 Loss: 0.049910
Epoch [12/60], Iter [700/1913] lr 0.0400 Loss: 0.045829
Epoch [12/60], Iter [800/1913] lr 0.0400 Loss: 0.051272
Epoch [12/60], Iter [900/1913] lr 0.0400 Loss: 0.050862
Epoch [12/60], Iter [1000/1913] lr 0.0400 Loss: 0.047718
Epoch [12/60], Iter [1100/1913] lr 0.0400 Loss: 0.054739
Epoch [12/60], Iter [1200/1913] lr 0.0400 Loss: 0.045743
Epoch [12/60], Iter [1300/1913] lr 0.0400 Loss: 0.054138
Epoch [12/60], Iter [1400/1913] lr 0.0400 Loss: 0.045429
Epoch [12/60], Iter [1500/1913] lr 0.0400 Loss: 0.053479
Epoch [12/60], Iter [1600/1913] lr 0.0400 Loss: 0.044803
Epoch [12/60], Iter [1700/1913] lr 0.0400 Loss: 0.046155
Epoch [12/60], Iter [1800/1913] lr 0.0400 Loss: 0.045971
Epoch [12/60], Iter [1900/1913] lr 0.0400 Loss: 0.045610
Epoch [13/60], Iter [100/1913] lr 0.0400 Loss: 0.040938
Epoch [13/60], Iter [200/1913] lr 0.0400 Loss: 0.051007
Epoch [13/60], Iter [300/1913] lr 0.0400 Loss: 0.048784
Epoch [13/60], Iter [400/1913] lr 0.0400 Loss: 0.054635
Epoch [13/60], Iter [500/1913] lr 0.0400 Loss: 0.042614
Epoch [13/60], Iter [600/1913] lr 0.0400 Loss: 0.047729
Epoch [13/60], Iter [700/1913] lr 0.0400 Loss: 0.041906
Epoch [13/60], Iter [800/1913] lr 0.0400 Loss: 0.051158
Epoch [13/60], Iter [900/1913] lr 0.0400 Loss: 0.043107
Epoch [13/60], Iter [1000/1913] lr 0.0400 Loss: 0.050186
Epoch [13/60], Iter [1100/1913] lr 0.0400 Loss: 0.043964
Epoch [13/60], Iter [1200/1913] lr 0.0400 Loss: 0.049270
Epoch [13/60], Iter [1300/1913] lr 0.0400 Loss: 0.047899
Epoch [13/60], Iter [1400/1913] lr 0.0400 Loss: 0.043255
Epoch [13/60], Iter [1500/1913] lr 0.0400 Loss: 0.046317
Epoch [13/60], Iter [1600/1913] lr 0.0400 Loss: 0.044533
Epoch [13/60], Iter [1700/1913] lr 0.0400 Loss: 0.045854
Epoch [13/60], Iter [1800/1913] lr 0.0400 Loss: 0.042451
Epoch [13/60], Iter [1900/1913] lr 0.0400 Loss: 0.047960
Yaw: 19.1608, Pitch: 10.2494, Roll: 8.5239, MAE: 12.6447
saved to output/snapshots/SixDRepNet_1647706641_bs64/res18_epoch_13_mae12.6447.pth
Epoch [14/60], Iter [100/1913] lr 0.0400 Loss: 0.044568
Epoch [14/60], Iter [200/1913] lr 0.0400 Loss: 0.044617
Epoch [14/60], Iter [300/1913] lr 0.0400 Loss: 0.048717
Epoch [14/60], Iter [400/1913] lr 0.0400 Loss: 0.043079
Epoch [14/60], Iter [500/1913] lr 0.0400 Loss: 0.046436
Epoch [14/60], Iter [600/1913] lr 0.0400 Loss: 0.040441
Epoch [14/60], Iter [700/1913] lr 0.0400 Loss: 0.041090
Epoch [14/60], Iter [800/1913] lr 0.0400 Loss: 0.047009
Epoch [14/60], Iter [900/1913] lr 0.0400 Loss: 0.048070
Epoch [14/60], Iter [1000/1913] lr 0.0400 Loss: 0.042643
Epoch [14/60], Iter [1100/1913] lr 0.0400 Loss: 0.046062
Epoch [14/60], Iter [1200/1913] lr 0.0400 Loss: 0.048833
Epoch [14/60], Iter [1300/1913] lr 0.0400 Loss: 0.044354
Epoch [14/60], Iter [1400/1913] lr 0.0400 Loss: 0.046273
Epoch [14/60], Iter [1500/1913] lr 0.0400 Loss: 0.046862
Epoch [14/60], Iter [1600/1913] lr 0.0400 Loss: 0.040186
Epoch [14/60], Iter [1700/1913] lr 0.0400 Loss: 0.044546
Epoch [14/60], Iter [1800/1913] lr 0.0400 Loss: 0.046527
Epoch [14/60], Iter [1900/1913] lr 0.0400 Loss: 0.046478
Epoch [15/60], Iter [100/1913] lr 0.0400 Loss: 0.043747
Epoch [15/60], Iter [200/1913] lr 0.0400 Loss: 0.040384
Epoch [15/60], Iter [300/1913] lr 0.0400 Loss: 0.051632
Epoch [15/60], Iter [400/1913] lr 0.0400 Loss: 0.044179
Epoch [15/60], Iter [500/1913] lr 0.0400 Loss: 0.049788
Epoch [15/60], Iter [600/1913] lr 0.0400 Loss: 0.048128
Epoch [15/60], Iter [700/1913] lr 0.0400 Loss: 0.043223
Epoch [15/60], Iter [800/1913] lr 0.0400 Loss: 0.041761
Epoch [15/60], Iter [900/1913] lr 0.0400 Loss: 0.045050
Epoch [15/60], Iter [1000/1913] lr 0.0400 Loss: 0.042844
Epoch [15/60], Iter [1100/1913] lr 0.0400 Loss: 0.043410
Epoch [15/60], Iter [1200/1913] lr 0.0400 Loss: 0.040988
Epoch [15/60], Iter [1300/1913] lr 0.0400 Loss: 0.046884
Epoch [15/60], Iter [1400/1913] lr 0.0400 Loss: 0.043716
Epoch [15/60], Iter [1500/1913] lr 0.0400 Loss: 0.048508
Epoch [15/60], Iter [1600/1913] lr 0.0400 Loss: 0.053317
Epoch [15/60], Iter [1700/1913] lr 0.0400 Loss: 0.042825
Epoch [15/60], Iter [1800/1913] lr 0.0400 Loss: 0.044037
Epoch [15/60], Iter [1900/1913] lr 0.0400 Loss: 0.043145
Yaw: 18.6853, Pitch: 10.8415, Roll: 8.9068, MAE: 12.8112
saved to output/snapshots/SixDRepNet_1647706641_bs64/res18_epoch_15_mae12.8112.pth
Epoch [16/60], Iter [100/1913] lr 0.0400 Loss: 0.042042
Epoch [16/60], Iter [200/1913] lr 0.0400 Loss: 0.041509
Epoch [16/60], Iter [300/1913] lr 0.0400 Loss: 0.042420
Epoch [16/60], Iter [400/1913] lr 0.0400 Loss: 0.041992
Epoch [16/60], Iter [500/1913] lr 0.0400 Loss: 0.044067
Epoch [16/60], Iter [600/1913] lr 0.0400 Loss: 0.048775
Epoch [16/60], Iter [700/1913] lr 0.0400 Loss: 0.037344
Epoch [16/60], Iter [800/1913] lr 0.0400 Loss: 0.047570
Epoch [16/60], Iter [900/1913] lr 0.0400 Loss: 0.040902
Epoch [16/60], Iter [1000/1913] lr 0.0400 Loss: 0.044155
Epoch [16/60], Iter [1100/1913] lr 0.0400 Loss: 0.044413
Epoch [16/60], Iter [1200/1913] lr 0.0400 Loss: 0.048351
Epoch [16/60], Iter [1300/1913] lr 0.0400 Loss: 0.049347
Epoch [16/60], Iter [1400/1913] lr 0.0400 Loss: 0.039695
Epoch [16/60], Iter [1500/1913] lr 0.0400 Loss: 0.045623
Epoch [16/60], Iter [1600/1913] lr 0.0400 Loss: 0.047207
Epoch [16/60], Iter [1700/1913] lr 0.0400 Loss: 0.045514
Epoch [16/60], Iter [1800/1913] lr 0.0400 Loss: 0.046570
Epoch [16/60], Iter [1900/1913] lr 0.0400 Loss: 0.039852
Epoch [17/60], Iter [100/1913] lr 0.0400 Loss: 0.040529
Epoch [17/60], Iter [200/1913] lr 0.0400 Loss: 0.037832
Epoch [17/60], Iter [300/1913] lr 0.0400 Loss: 0.046382
Epoch [17/60], Iter [400/1913] lr 0.0400 Loss: 0.042328
Epoch [17/60], Iter [500/1913] lr 0.0400 Loss: 0.048631
Epoch [17/60], Iter [600/1913] lr 0.0400 Loss: 0.051168
Epoch [17/60], Iter [700/1913] lr 0.0400 Loss: 0.044186
Epoch [17/60], Iter [800/1913] lr 0.0400 Loss: 0.039336
Epoch [17/60], Iter [900/1913] lr 0.0400 Loss: 0.046305
Epoch [17/60], Iter [1000/1913] lr 0.0400 Loss: 0.042390
Epoch [17/60], Iter [1100/1913] lr 0.0400 Loss: 0.049013
Epoch [17/60], Iter [1200/1913] lr 0.0400 Loss: 0.045403
Epoch [17/60], Iter [1300/1913] lr 0.0400 Loss: 0.039241
Epoch [17/60], Iter [1400/1913] lr 0.0400 Loss: 0.048962
Epoch [17/60], Iter [1500/1913] lr 0.0400 Loss: 0.046982
Epoch [17/60], Iter [1600/1913] lr 0.0400 Loss: 0.043262
Epoch [17/60], Iter [1700/1913] lr 0.0400 Loss: 0.045880
Epoch [17/60], Iter [1800/1913] lr 0.0400 Loss: 0.044250
Epoch [17/60], Iter [1900/1913] lr 0.0400 Loss: 0.042347
Yaw: 19.4910, Pitch: 10.2685, Roll: 8.2101, MAE: 12.6566
saved to output/snapshots/SixDRepNet_1647706641_bs64/res18_epoch_17_mae12.6566.pth
Epoch [18/60], Iter [100/1913] lr 0.0400 Loss: 0.044697
Epoch [18/60], Iter [200/1913] lr 0.0400 Loss: 0.045112
Epoch [18/60], Iter [300/1913] lr 0.0400 Loss: 0.046038
Epoch [18/60], Iter [400/1913] lr 0.0400 Loss: 0.043975
Epoch [18/60], Iter [500/1913] lr 0.0400 Loss: 0.045089
Epoch [18/60], Iter [600/1913] lr 0.0400 Loss: 0.045352
Epoch [18/60], Iter [700/1913] lr 0.0400 Loss: 0.040966
Epoch [18/60], Iter [800/1913] lr 0.0400 Loss: 0.041210
Epoch [18/60], Iter [900/1913] lr 0.0400 Loss: 0.044281
Epoch [18/60], Iter [1000/1913] lr 0.0400 Loss: 0.045251
Epoch [18/60], Iter [1100/1913] lr 0.0400 Loss: 0.043401
Epoch [18/60], Iter [1200/1913] lr 0.0400 Loss: 0.041670
Epoch [18/60], Iter [1300/1913] lr 0.0400 Loss: 0.047638
Epoch [18/60], Iter [1400/1913] lr 0.0400 Loss: 0.042393
Epoch [18/60], Iter [1500/1913] lr 0.0400 Loss: 0.044253
Epoch [18/60], Iter [1600/1913] lr 0.0400 Loss: 0.046385
Epoch [18/60], Iter [1700/1913] lr 0.0400 Loss: 0.042932
Epoch [18/60], Iter [1800/1913] lr 0.0400 Loss: 0.046501
Epoch [18/60], Iter [1900/1913] lr 0.0400 Loss: 0.043341
Epoch [19/60], Iter [100/1913] lr 0.0400 Loss: 0.039708
Epoch [19/60], Iter [200/1913] lr 0.0400 Loss: 0.045980
Epoch [19/60], Iter [300/1913] lr 0.0400 Loss: 0.043078
Epoch [19/60], Iter [400/1913] lr 0.0400 Loss: 0.046567
Epoch [19/60], Iter [500/1913] lr 0.0400 Loss: 0.039441
Epoch [19/60], Iter [600/1913] lr 0.0400 Loss: 0.043125
Epoch [19/60], Iter [700/1913] lr 0.0400 Loss: 0.048434
Epoch [19/60], Iter [800/1913] lr 0.0400 Loss: 0.038764
Epoch [19/60], Iter [900/1913] lr 0.0400 Loss: 0.050097
Epoch [19/60], Iter [1000/1913] lr 0.0400 Loss: 0.053528
Epoch [19/60], Iter [1100/1913] lr 0.0400 Loss: 0.045410
Epoch [19/60], Iter [1200/1913] lr 0.0400 Loss: 0.045650
Epoch [19/60], Iter [1300/1913] lr 0.0400 Loss: 0.049686
Epoch [19/60], Iter [1400/1913] lr 0.0400 Loss: 0.044423
Epoch [19/60], Iter [1500/1913] lr 0.0400 Loss: 0.047596
Epoch [19/60], Iter [1600/1913] lr 0.0400 Loss: 0.042715
Epoch [19/60], Iter [1700/1913] lr 0.0400 Loss: 0.044513
Epoch [19/60], Iter [1800/1913] lr 0.0400 Loss: 0.039400
Epoch [19/60], Iter [1900/1913] lr 0.0400 Loss: 0.044664
Yaw: 18.6247, Pitch: 9.9627, Roll: 8.6168, MAE: 12.4014
saved to output/snapshots/SixDRepNet_1647706641_bs64/res18_epoch_19_mae12.4014.pth
Epoch [20/60], Iter [100/1913] lr 0.0400 Loss: 0.050257
Epoch [20/60], Iter [200/1913] lr 0.0400 Loss: 0.040850
Epoch [20/60], Iter [300/1913] lr 0.0400 Loss: 0.040148
Epoch [20/60], Iter [400/1913] lr 0.0400 Loss: 0.039253
Epoch [20/60], Iter [500/1913] lr 0.0400 Loss: 0.041964
Epoch [20/60], Iter [600/1913] lr 0.0400 Loss: 0.041768
Epoch [20/60], Iter [700/1913] lr 0.0400 Loss: 0.048386
Epoch [20/60], Iter [800/1913] lr 0.0400 Loss: 0.043784
Epoch [20/60], Iter [900/1913] lr 0.0400 Loss: 0.046050
Epoch [20/60], Iter [1000/1913] lr 0.0400 Loss: 0.047663
Epoch [20/60], Iter [1100/1913] lr 0.0400 Loss: 0.044952
Epoch [20/60], Iter [1200/1913] lr 0.0400 Loss: 0.047393
Epoch [20/60], Iter [1300/1913] lr 0.0400 Loss: 0.041755
Epoch [20/60], Iter [1400/1913] lr 0.0400 Loss: 0.049297
Epoch [20/60], Iter [1500/1913] lr 0.0400 Loss: 0.039379
Epoch [20/60], Iter [1600/1913] lr 0.0400 Loss: 0.046768
Epoch [20/60], Iter [1700/1913] lr 0.0400 Loss: 0.046489
Epoch [20/60], Iter [1800/1913] lr 0.0400 Loss: 0.039561
Epoch [20/60], Iter [1900/1913] lr 0.0400 Loss: 0.046712
Epoch [21/60], Iter [100/1913] lr 0.0200 Loss: 0.043202
Epoch [21/60], Iter [200/1913] lr 0.0200 Loss: 0.051141
Epoch [21/60], Iter [300/1913] lr 0.0200 Loss: 0.049240
Epoch [21/60], Iter [400/1913] lr 0.0200 Loss: 0.053601
Epoch [21/60], Iter [500/1913] lr 0.0200 Loss: 0.041566
Epoch [21/60], Iter [600/1913] lr 0.0200 Loss: 0.039877
Epoch [21/60], Iter [700/1913] lr 0.0200 Loss: 0.040268
Epoch [21/60], Iter [800/1913] lr 0.0200 Loss: 0.047187
Epoch [21/60], Iter [900/1913] lr 0.0200 Loss: 0.037013
Epoch [21/60], Iter [1000/1913] lr 0.0200 Loss: 0.035764
Epoch [21/60], Iter [1100/1913] lr 0.0200 Loss: 0.040814
Epoch [21/60], Iter [1200/1913] lr 0.0200 Loss: 0.045143
Epoch [21/60], Iter [1300/1913] lr 0.0200 Loss: 0.042307
Epoch [21/60], Iter [1400/1913] lr 0.0200 Loss: 0.045198
Epoch [21/60], Iter [1500/1913] lr 0.0200 Loss: 0.037193
Epoch [21/60], Iter [1600/1913] lr 0.0200 Loss: 0.038653
Epoch [21/60], Iter [1700/1913] lr 0.0200 Loss: 0.041272
Epoch [21/60], Iter [1800/1913] lr 0.0200 Loss: 0.037145
Epoch [21/60], Iter [1900/1913] lr 0.0200 Loss: 0.039120
Yaw: 19.5928, Pitch: 9.7441, Roll: 8.8567, MAE: 12.7312
saved to output/snapshots/SixDRepNet_1647706641_bs64/res18_epoch_21_mae12.7312.pth
Epoch [22/60], Iter [100/1913] lr 0.0200 Loss: 0.041305
Epoch [22/60], Iter [200/1913] lr 0.0200 Loss: 0.041440
Epoch [22/60], Iter [300/1913] lr 0.0200 Loss: 0.038606
Epoch [22/60], Iter [400/1913] lr 0.0200 Loss: 0.045324
Epoch [22/60], Iter [500/1913] lr 0.0200 Loss: 0.039080
Epoch [22/60], Iter [600/1913] lr 0.0200 Loss: 0.039033
Epoch [22/60], Iter [700/1913] lr 0.0200 Loss: 0.042518
Epoch [22/60], Iter [800/1913] lr 0.0200 Loss: 0.040687
Epoch [22/60], Iter [900/1913] lr 0.0200 Loss: 0.041813
Epoch [22/60], Iter [1000/1913] lr 0.0200 Loss: 0.039999
Epoch [22/60], Iter [1100/1913] lr 0.0200 Loss: 0.040927
Epoch [22/60], Iter [1200/1913] lr 0.0200 Loss: 0.043167
Epoch [22/60], Iter [1300/1913] lr 0.0200 Loss: 0.040514
Epoch [22/60], Iter [1400/1913] lr 0.0200 Loss: 0.041048
Epoch [22/60], Iter [1500/1913] lr 0.0200 Loss: 0.038500
Epoch [22/60], Iter [1600/1913] lr 0.0200 Loss: 0.046219
Epoch [22/60], Iter [1700/1913] lr 0.0200 Loss: 0.040173
Epoch [22/60], Iter [1800/1913] lr 0.0200 Loss: 0.038829
Epoch [22/60], Iter [1900/1913] lr 0.0200 Loss: 0.038894
Epoch [23/60], Iter [100/1913] lr 0.0200 Loss: 0.034581
Epoch [23/60], Iter [200/1913] lr 0.0200 Loss: 0.040261
Epoch [23/60], Iter [300/1913] lr 0.0200 Loss: 0.038956
Epoch [23/60], Iter [400/1913] lr 0.0200 Loss: 0.038686
Epoch [23/60], Iter [500/1913] lr 0.0200 Loss: 0.039791
Epoch [23/60], Iter [600/1913] lr 0.0200 Loss: 0.042469
Epoch [23/60], Iter [700/1913] lr 0.0200 Loss: 0.038595
Epoch [23/60], Iter [800/1913] lr 0.0200 Loss: 0.032264
Epoch [23/60], Iter [900/1913] lr 0.0200 Loss: 0.041529
Epoch [23/60], Iter [1000/1913] lr 0.0200 Loss: 0.047929
Epoch [23/60], Iter [1100/1913] lr 0.0200 Loss: 0.040642
Epoch [23/60], Iter [1200/1913] lr 0.0200 Loss: 0.039664
Epoch [23/60], Iter [1300/1913] lr 0.0200 Loss: 0.040948
Epoch [23/60], Iter [1400/1913] lr 0.0200 Loss: 0.038904
Epoch [23/60], Iter [1500/1913] lr 0.0200 Loss: 0.039392
Epoch [23/60], Iter [1600/1913] lr 0.0200 Loss: 0.039333
Epoch [23/60], Iter [1700/1913] lr 0.0200 Loss: 0.040493
Epoch [23/60], Iter [1800/1913] lr 0.0200 Loss: 0.042727
Epoch [23/60], Iter [1900/1913] lr 0.0200 Loss: 0.041650
Yaw: 17.4458, Pitch: 9.6190, Roll: 8.1615, MAE: 11.7421
saved to output/snapshots/SixDRepNet_1647706641_bs64/res18_epoch_23_mae11.7421.pth
Epoch [24/60], Iter [100/1913] lr 0.0200 Loss: 0.035261
Epoch [24/60], Iter [200/1913] lr 0.0200 Loss: 0.037340
Epoch [24/60], Iter [300/1913] lr 0.0200 Loss: 0.041442
Epoch [24/60], Iter [400/1913] lr 0.0200 Loss: 0.035677
Epoch [24/60], Iter [500/1913] lr 0.0200 Loss: 0.037721
Epoch [24/60], Iter [600/1913] lr 0.0200 Loss: 0.037886
Epoch [24/60], Iter [700/1913] lr 0.0200 Loss: 0.036405
Epoch [24/60], Iter [800/1913] lr 0.0200 Loss: 0.040619
Epoch [24/60], Iter [900/1913] lr 0.0200 Loss: 0.034387
Epoch [24/60], Iter [1000/1913] lr 0.0200 Loss: 0.039493
Epoch [24/60], Iter [1100/1913] lr 0.0200 Loss: 0.036973
Epoch [24/60], Iter [1200/1913] lr 0.0200 Loss: 0.037986
Epoch [24/60], Iter [1300/1913] lr 0.0200 Loss: 0.037845
Epoch [24/60], Iter [1400/1913] lr 0.0200 Loss: 0.036481
Epoch [24/60], Iter [1500/1913] lr 0.0200 Loss: 0.037263
Epoch [24/60], Iter [1600/1913] lr 0.0200 Loss: 0.042979
Epoch [24/60], Iter [1700/1913] lr 0.0200 Loss: 0.039745
Epoch [24/60], Iter [1800/1913] lr 0.0200 Loss: 0.038169
Epoch [24/60], Iter [1900/1913] lr 0.0200 Loss: 0.040588
Epoch [25/60], Iter [100/1913] lr 0.0200 Loss: 0.039705
Epoch [25/60], Iter [200/1913] lr 0.0200 Loss: 0.039238
Epoch [25/60], Iter [300/1913] lr 0.0200 Loss: 0.035124
Epoch [25/60], Iter [400/1913] lr 0.0200 Loss: 0.040118
Epoch [25/60], Iter [500/1913] lr 0.0200 Loss: 0.040981
Epoch [25/60], Iter [600/1913] lr 0.0200 Loss: 0.036686
Epoch [25/60], Iter [700/1913] lr 0.0200 Loss: 0.041648
Epoch [25/60], Iter [800/1913] lr 0.0200 Loss: 0.037833
Epoch [25/60], Iter [900/1913] lr 0.0200 Loss: 0.040820
Epoch [25/60], Iter [1000/1913] lr 0.0200 Loss: 0.037517
Epoch [25/60], Iter [1100/1913] lr 0.0200 Loss: 0.041262
Epoch [25/60], Iter [1200/1913] lr 0.0200 Loss: 0.039706
Epoch [25/60], Iter [1300/1913] lr 0.0200 Loss: 0.037486
Epoch [25/60], Iter [1400/1913] lr 0.0200 Loss: 0.040008
Epoch [25/60], Iter [1500/1913] lr 0.0200 Loss: 0.041052
Epoch [25/60], Iter [1600/1913] lr 0.0200 Loss: 0.035571
Epoch [25/60], Iter [1700/1913] lr 0.0200 Loss: 0.040051
Epoch [25/60], Iter [1800/1913] lr 0.0200 Loss: 0.042923
Epoch [25/60], Iter [1900/1913] lr 0.0200 Loss: 0.034838
Yaw: 17.7924, Pitch: 9.8700, Roll: 8.3658, MAE: 12.0094
saved to output/snapshots/SixDRepNet_1647706641_bs64/res18_epoch_25_mae12.0094.pth
Epoch [26/60], Iter [100/1913] lr 0.0200 Loss: 0.041393
Epoch [26/60], Iter [200/1913] lr 0.0200 Loss: 0.034703
Epoch [26/60], Iter [300/1913] lr 0.0200 Loss: 0.041972
Epoch [26/60], Iter [400/1913] lr 0.0200 Loss: 0.039662
Epoch [26/60], Iter [500/1913] lr 0.0200 Loss: 0.044127
Epoch [26/60], Iter [600/1913] lr 0.0200 Loss: 0.035544
Epoch [26/60], Iter [700/1913] lr 0.0200 Loss: 0.043130
Epoch [26/60], Iter [800/1913] lr 0.0200 Loss: 0.038684
Epoch [26/60], Iter [900/1913] lr 0.0200 Loss: 0.040470
Epoch [26/60], Iter [1000/1913] lr 0.0200 Loss: 0.036196
Epoch [26/60], Iter [1100/1913] lr 0.0200 Loss: 0.041994
Epoch [26/60], Iter [1200/1913] lr 0.0200 Loss: 0.035332
Epoch [26/60], Iter [1300/1913] lr 0.0200 Loss: 0.035914
Epoch [26/60], Iter [1400/1913] lr 0.0200 Loss: 0.035478
Epoch [26/60], Iter [1500/1913] lr 0.0200 Loss: 0.035710
Epoch [26/60], Iter [1600/1913] lr 0.0200 Loss: 0.035191
Epoch [26/60], Iter [1700/1913] lr 0.0200 Loss: 0.041341
Epoch [26/60], Iter [1800/1913] lr 0.0200 Loss: 0.037826
Epoch [26/60], Iter [1900/1913] lr 0.0200 Loss: 0.039163
Epoch [27/60], Iter [100/1913] lr 0.0200 Loss: 0.037537
Epoch [27/60], Iter [200/1913] lr 0.0200 Loss: 0.035178
Epoch [27/60], Iter [300/1913] lr 0.0200 Loss: 0.041560
Epoch [27/60], Iter [400/1913] lr 0.0200 Loss: 0.037507
Epoch [27/60], Iter [500/1913] lr 0.0200 Loss: 0.033339
Epoch [27/60], Iter [600/1913] lr 0.0200 Loss: 0.037924
Epoch [27/60], Iter [700/1913] lr 0.0200 Loss: 0.034773
Epoch [27/60], Iter [800/1913] lr 0.0200 Loss: 0.035551
Epoch [27/60], Iter [900/1913] lr 0.0200 Loss: 0.033005
Epoch [27/60], Iter [1000/1913] lr 0.0200 Loss: 0.038454
Epoch [27/60], Iter [1100/1913] lr 0.0200 Loss: 0.036278
Epoch [27/60], Iter [1200/1913] lr 0.0200 Loss: 0.036827
Epoch [27/60], Iter [1300/1913] lr 0.0200 Loss: 0.036771
Epoch [27/60], Iter [1400/1913] lr 0.0200 Loss: 0.038488
Epoch [27/60], Iter [1500/1913] lr 0.0200 Loss: 0.038156
Epoch [27/60], Iter [1600/1913] lr 0.0200 Loss: 0.037891
Epoch [27/60], Iter [1700/1913] lr 0.0200 Loss: 0.036294
Epoch [27/60], Iter [1800/1913] lr 0.0200 Loss: 0.035247
Epoch [27/60], Iter [1900/1913] lr 0.0200 Loss: 0.033694
Yaw: 17.3181, Pitch: 9.7037, Roll: 8.2154, MAE: 11.7458
saved to output/snapshots/SixDRepNet_1647706641_bs64/res18_epoch_27_mae11.7458.pth
Epoch [28/60], Iter [100/1913] lr 0.0200 Loss: 0.038821
Epoch [28/60], Iter [200/1913] lr 0.0200 Loss: 0.039478
Epoch [28/60], Iter [300/1913] lr 0.0200 Loss: 0.036729
Epoch [28/60], Iter [400/1913] lr 0.0200 Loss: 0.038070
Epoch [28/60], Iter [500/1913] lr 0.0200 Loss: 0.031494
Epoch [28/60], Iter [600/1913] lr 0.0200 Loss: 0.032276
Epoch [28/60], Iter [700/1913] lr 0.0200 Loss: 0.041163
Epoch [28/60], Iter [800/1913] lr 0.0200 Loss: 0.037649
Epoch [28/60], Iter [900/1913] lr 0.0200 Loss: 0.038494
Epoch [28/60], Iter [1000/1913] lr 0.0200 Loss: 0.033352
Epoch [28/60], Iter [1100/1913] lr 0.0200 Loss: 0.034323
Epoch [28/60], Iter [1200/1913] lr 0.0200 Loss: 0.037187
Epoch [28/60], Iter [1300/1913] lr 0.0200 Loss: 0.036149
Epoch [28/60], Iter [1400/1913] lr 0.0200 Loss: 0.039529
Epoch [28/60], Iter [1500/1913] lr 0.0200 Loss: 0.040356
Epoch [28/60], Iter [1600/1913] lr 0.0200 Loss: 0.034926
Epoch [28/60], Iter [1700/1913] lr 0.0200 Loss: 0.040390
Epoch [28/60], Iter [1800/1913] lr 0.0200 Loss: 0.038608
Epoch [28/60], Iter [1900/1913] lr 0.0200 Loss: 0.043070
Epoch [29/60], Iter [100/1913] lr 0.0200 Loss: 0.034542
Epoch [29/60], Iter [200/1913] lr 0.0200 Loss: 0.033569
Epoch [29/60], Iter [300/1913] lr 0.0200 Loss: 0.034497
Epoch [29/60], Iter [400/1913] lr 0.0200 Loss: 0.040611
Epoch [29/60], Iter [500/1913] lr 0.0200 Loss: 0.037123
Epoch [29/60], Iter [600/1913] lr 0.0200 Loss: 0.036008
Epoch [29/60], Iter [700/1913] lr 0.0200 Loss: 0.037298
Epoch [29/60], Iter [800/1913] lr 0.0200 Loss: 0.038937
Epoch [29/60], Iter [900/1913] lr 0.0200 Loss: 0.035543
Epoch [29/60], Iter [1000/1913] lr 0.0200 Loss: 0.037868
Epoch [29/60], Iter [1100/1913] lr 0.0200 Loss: 0.038269
Epoch [29/60], Iter [1200/1913] lr 0.0200 Loss: 0.038485
Epoch [29/60], Iter [1300/1913] lr 0.0200 Loss: 0.031875
Epoch [29/60], Iter [1400/1913] lr 0.0200 Loss: 0.035147
Epoch [29/60], Iter [1500/1913] lr 0.0200 Loss: 0.037368
Epoch [29/60], Iter [1600/1913] lr 0.0200 Loss: 0.035752
Epoch [29/60], Iter [1700/1913] lr 0.0200 Loss: 0.038749
Epoch [29/60], Iter [1800/1913] lr 0.0200 Loss: 0.038684
Epoch [29/60], Iter [1900/1913] lr 0.0200 Loss: 0.030428
Yaw: 19.6928, Pitch: 9.7119, Roll: 8.2441, MAE: 12.5496
saved to output/snapshots/SixDRepNet_1647706641_bs64/res18_epoch_29_mae12.5496.pth
Epoch [30/60], Iter [100/1913] lr 0.0200 Loss: 0.036608
Epoch [30/60], Iter [200/1913] lr 0.0200 Loss: 0.039577
Epoch [30/60], Iter [300/1913] lr 0.0200 Loss: 0.037492
Epoch [30/60], Iter [400/1913] lr 0.0200 Loss: 0.041095
Epoch [30/60], Iter [500/1913] lr 0.0200 Loss: 0.044329
Epoch [30/60], Iter [600/1913] lr 0.0200 Loss: 0.034452
Epoch [30/60], Iter [700/1913] lr 0.0200 Loss: 0.037221
Epoch [30/60], Iter [800/1913] lr 0.0200 Loss: 0.036354
Epoch [30/60], Iter [900/1913] lr 0.0200 Loss: 0.036228
Epoch [30/60], Iter [1000/1913] lr 0.0200 Loss: 0.037271
Epoch [30/60], Iter [1100/1913] lr 0.0200 Loss: 0.037659
Epoch [30/60], Iter [1200/1913] lr 0.0200 Loss: 0.036881
Epoch [30/60], Iter [1300/1913] lr 0.0200 Loss: 0.036999
Epoch [30/60], Iter [1400/1913] lr 0.0200 Loss: 0.036384
Epoch [30/60], Iter [1500/1913] lr 0.0200 Loss: 0.039215
Epoch [30/60], Iter [1600/1913] lr 0.0200 Loss: 0.036832
Epoch [30/60], Iter [1700/1913] lr 0.0200 Loss: 0.036910
Epoch [30/60], Iter [1800/1913] lr 0.0200 Loss: 0.039507
Epoch [30/60], Iter [1900/1913] lr 0.0200 Loss: 0.035609
Epoch [31/60], Iter [100/1913] lr 0.0100 Loss: 0.035916
Epoch [31/60], Iter [200/1913] lr 0.0100 Loss: 0.038249
Epoch [31/60], Iter [300/1913] lr 0.0100 Loss: 0.035469
Epoch [31/60], Iter [400/1913] lr 0.0100 Loss: 0.033407
Epoch [31/60], Iter [500/1913] lr 0.0100 Loss: 0.039071
Epoch [31/60], Iter [600/1913] lr 0.0100 Loss: 0.032250
Epoch [31/60], Iter [700/1913] lr 0.0100 Loss: 0.031306
Epoch [31/60], Iter [800/1913] lr 0.0100 Loss: 0.036037
Epoch [31/60], Iter [900/1913] lr 0.0100 Loss: 0.033832
Epoch [31/60], Iter [1000/1913] lr 0.0100 Loss: 0.035522
Epoch [31/60], Iter [1100/1913] lr 0.0100 Loss: 0.033691
Epoch [31/60], Iter [1200/1913] lr 0.0100 Loss: 0.036315
Epoch [31/60], Iter [1300/1913] lr 0.0100 Loss: 0.032290
Epoch [31/60], Iter [1400/1913] lr 0.0100 Loss: 0.035356
Epoch [31/60], Iter [1500/1913] lr 0.0100 Loss: 0.034234
Epoch [31/60], Iter [1600/1913] lr 0.0100 Loss: 0.031851
Epoch [31/60], Iter [1700/1913] lr 0.0100 Loss: 0.031920
Epoch [31/60], Iter [1800/1913] lr 0.0100 Loss: 0.034439
Epoch [31/60], Iter [1900/1913] lr 0.0100 Loss: 0.038193
Yaw: 17.8090, Pitch: 9.7495, Roll: 8.3949, MAE: 11.9845
saved to output/snapshots/SixDRepNet_1647706641_bs64/res18_epoch_31_mae11.9845.pth
Epoch [32/60], Iter [100/1913] lr 0.0100 Loss: 0.035320
Epoch [32/60], Iter [200/1913] lr 0.0100 Loss: 0.032629
Epoch [32/60], Iter [300/1913] lr 0.0100 Loss: 0.031495
Epoch [32/60], Iter [400/1913] lr 0.0100 Loss: 0.033919
Epoch [32/60], Iter [500/1913] lr 0.0100 Loss: 0.038716
Epoch [32/60], Iter [600/1913] lr 0.0100 Loss: 0.036792
Epoch [32/60], Iter [700/1913] lr 0.0100 Loss: 0.034169
Epoch [32/60], Iter [800/1913] lr 0.0100 Loss: 0.035476
Epoch [32/60], Iter [900/1913] lr 0.0100 Loss: 0.030977
Epoch [32/60], Iter [1000/1913] lr 0.0100 Loss: 0.032120
Epoch [32/60], Iter [1100/1913] lr 0.0100 Loss: 0.034770
Epoch [32/60], Iter [1200/1913] lr 0.0100 Loss: 0.036445
Epoch [32/60], Iter [1300/1913] lr 0.0100 Loss: 0.038967
Epoch [32/60], Iter [1400/1913] lr 0.0100 Loss: 0.034925
Epoch [32/60], Iter [1500/1913] lr 0.0100 Loss: 0.032550
Epoch [32/60], Iter [1600/1913] lr 0.0100 Loss: 0.030672
Epoch [32/60], Iter [1700/1913] lr 0.0100 Loss: 0.035287
Epoch [32/60], Iter [1800/1913] lr 0.0100 Loss: 0.033541
Epoch [32/60], Iter [1900/1913] lr 0.0100 Loss: 0.034286
Epoch [33/60], Iter [100/1913] lr 0.0100 Loss: 0.034816
Epoch [33/60], Iter [200/1913] lr 0.0100 Loss: 0.030836
Epoch [33/60], Iter [300/1913] lr 0.0100 Loss: 0.029010
Epoch [33/60], Iter [400/1913] lr 0.0100 Loss: 0.031480
Epoch [33/60], Iter [500/1913] lr 0.0100 Loss: 0.029946
Epoch [33/60], Iter [600/1913] lr 0.0100 Loss: 0.029538
Epoch [33/60], Iter [700/1913] lr 0.0100 Loss: 0.031715
Epoch [33/60], Iter [800/1913] lr 0.0100 Loss: 0.037744
Epoch [33/60], Iter [900/1913] lr 0.0100 Loss: 0.033312
Epoch [33/60], Iter [1000/1913] lr 0.0100 Loss: 0.034281
Epoch [33/60], Iter [1100/1913] lr 0.0100 Loss: 0.031592
Epoch [33/60], Iter [1200/1913] lr 0.0100 Loss: 0.034637
Epoch [33/60], Iter [1300/1913] lr 0.0100 Loss: 0.034077
Epoch [33/60], Iter [1400/1913] lr 0.0100 Loss: 0.032782
Epoch [33/60], Iter [1500/1913] lr 0.0100 Loss: 0.035724
Epoch [33/60], Iter [1600/1913] lr 0.0100 Loss: 0.034253
Epoch [33/60], Iter [1700/1913] lr 0.0100 Loss: 0.033173
Epoch [33/60], Iter [1800/1913] lr 0.0100 Loss: 0.032056
Epoch [33/60], Iter [1900/1913] lr 0.0100 Loss: 0.030745
Yaw: 17.6850, Pitch: 9.9371, Roll: 8.5590, MAE: 12.0604
saved to output/snapshots/SixDRepNet_1647706641_bs64/res18_epoch_33_mae12.0604.pth
Epoch [34/60], Iter [100/1913] lr 0.0100 Loss: 0.034033
Epoch [34/60], Iter [200/1913] lr 0.0100 Loss: 0.029773
Epoch [34/60], Iter [300/1913] lr 0.0100 Loss: 0.033753
Epoch [34/60], Iter [400/1913] lr 0.0100 Loss: 0.031303
Epoch [34/60], Iter [500/1913] lr 0.0100 Loss: 0.032542
Epoch [34/60], Iter [600/1913] lr 0.0100 Loss: 0.034169
Epoch [34/60], Iter [700/1913] lr 0.0100 Loss: 0.030800
Epoch [34/60], Iter [800/1913] lr 0.0100 Loss: 0.032780
Epoch [34/60], Iter [900/1913] lr 0.0100 Loss: 0.030610
Epoch [34/60], Iter [1000/1913] lr 0.0100 Loss: 0.034144
Epoch [34/60], Iter [1100/1913] lr 0.0100 Loss: 0.028454
Epoch [34/60], Iter [1200/1913] lr 0.0100 Loss: 0.028386
Epoch [34/60], Iter [1300/1913] lr 0.0100 Loss: 0.029236
Epoch [34/60], Iter [1400/1913] lr 0.0100 Loss: 0.035732
Epoch [34/60], Iter [1500/1913] lr 0.0100 Loss: 0.030604
Epoch [34/60], Iter [1600/1913] lr 0.0100 Loss: 0.034540
Epoch [34/60], Iter [1700/1913] lr 0.0100 Loss: 0.035244
Epoch [34/60], Iter [1800/1913] lr 0.0100 Loss: 0.027199
Epoch [34/60], Iter [1900/1913] lr 0.0100 Loss: 0.028237
Epoch [35/60], Iter [100/1913] lr 0.0100 Loss: 0.032186
Epoch [35/60], Iter [200/1913] lr 0.0100 Loss: 0.028055
Epoch [35/60], Iter [300/1913] lr 0.0100 Loss: 0.034662
Epoch [35/60], Iter [400/1913] lr 0.0100 Loss: 0.030670
Epoch [35/60], Iter [500/1913] lr 0.0100 Loss: 0.037026
Epoch [35/60], Iter [600/1913] lr 0.0100 Loss: 0.031929
Epoch [35/60], Iter [700/1913] lr 0.0100 Loss: 0.037006
Epoch [35/60], Iter [800/1913] lr 0.0100 Loss: 0.032846
Epoch [35/60], Iter [900/1913] lr 0.0100 Loss: 0.029443
Epoch [35/60], Iter [1000/1913] lr 0.0100 Loss: 0.031067
Epoch [35/60], Iter [1100/1913] lr 0.0100 Loss: 0.033597
Epoch [35/60], Iter [1200/1913] lr 0.0100 Loss: 0.033164
Epoch [35/60], Iter [1300/1913] lr 0.0100 Loss: 0.032392
Epoch [35/60], Iter [1400/1913] lr 0.0100 Loss: 0.033666
Epoch [35/60], Iter [1500/1913] lr 0.0100 Loss: 0.028957
Epoch [35/60], Iter [1600/1913] lr 0.0100 Loss: 0.032789
Epoch [35/60], Iter [1700/1913] lr 0.0100 Loss: 0.033829
Epoch [35/60], Iter [1800/1913] lr 0.0100 Loss: 0.036476
Epoch [35/60], Iter [1900/1913] lr 0.0100 Loss: 0.033369
Yaw: 16.8777, Pitch: 9.9307, Roll: 8.4217, MAE: 11.7434
saved to output/snapshots/SixDRepNet_1647706641_bs64/res18_epoch_35_mae11.7434.pth
Epoch [36/60], Iter [100/1913] lr 0.0100 Loss: 0.034912
Epoch [36/60], Iter [200/1913] lr 0.0100 Loss: 0.028230
Epoch [36/60], Iter [300/1913] lr 0.0100 Loss: 0.033019
Epoch [36/60], Iter [400/1913] lr 0.0100 Loss: 0.034790
Epoch [36/60], Iter [500/1913] lr 0.0100 Loss: 0.031673
Epoch [36/60], Iter [600/1913] lr 0.0100 Loss: 0.032031
Epoch [36/60], Iter [700/1913] lr 0.0100 Loss: 0.034164
Epoch [36/60], Iter [800/1913] lr 0.0100 Loss: 0.031753
Epoch [36/60], Iter [900/1913] lr 0.0100 Loss: 0.037974
Epoch [36/60], Iter [1000/1913] lr 0.0100 Loss: 0.036136
Epoch [36/60], Iter [1100/1913] lr 0.0100 Loss: 0.031431
Epoch [36/60], Iter [1200/1913] lr 0.0100 Loss: 0.032343
Epoch [36/60], Iter [1300/1913] lr 0.0100 Loss: 0.033821
Epoch [36/60], Iter [1400/1913] lr 0.0100 Loss: 0.033790
Epoch [36/60], Iter [1500/1913] lr 0.0100 Loss: 0.032131
Epoch [36/60], Iter [1600/1913] lr 0.0100 Loss: 0.031454
Epoch [36/60], Iter [1700/1913] lr 0.0100 Loss: 0.035434
Epoch [36/60], Iter [1800/1913] lr 0.0100 Loss: 0.033509
Epoch [36/60], Iter [1900/1913] lr 0.0100 Loss: 0.031637
Epoch [37/60], Iter [100/1913] lr 0.0100 Loss: 0.034969
Epoch [37/60], Iter [200/1913] lr 0.0100 Loss: 0.033633
Epoch [37/60], Iter [300/1913] lr 0.0100 Loss: 0.037933
Epoch [37/60], Iter [400/1913] lr 0.0100 Loss: 0.031633
Epoch [37/60], Iter [500/1913] lr 0.0100 Loss: 0.033842
Epoch [37/60], Iter [600/1913] lr 0.0100 Loss: 0.033635
Epoch [37/60], Iter [700/1913] lr 0.0100 Loss: 0.031578
Epoch [37/60], Iter [800/1913] lr 0.0100 Loss: 0.030483
Epoch [37/60], Iter [900/1913] lr 0.0100 Loss: 0.033864
Epoch [37/60], Iter [1000/1913] lr 0.0100 Loss: 0.034003
Epoch [37/60], Iter [1100/1913] lr 0.0100 Loss: 0.033434
Epoch [37/60], Iter [1200/1913] lr 0.0100 Loss: 0.035307
Epoch [37/60], Iter [1300/1913] lr 0.0100 Loss: 0.031725
Epoch [37/60], Iter [1400/1913] lr 0.0100 Loss: 0.036578
Epoch [37/60], Iter [1500/1913] lr 0.0100 Loss: 0.031045
Epoch [37/60], Iter [1600/1913] lr 0.0100 Loss: 0.034161
Epoch [37/60], Iter [1700/1913] lr 0.0100 Loss: 0.031989
Epoch [37/60], Iter [1800/1913] lr 0.0100 Loss: 0.035685
Epoch [37/60], Iter [1900/1913] lr 0.0100 Loss: 0.031180
Yaw: 17.4695, Pitch: 9.5333, Roll: 8.2345, MAE: 11.7458
saved to output/snapshots/SixDRepNet_1647706641_bs64/res18_epoch_37_mae11.7458.pth
Epoch [38/60], Iter [100/1913] lr 0.0100 Loss: 0.035764
Epoch [38/60], Iter [200/1913] lr 0.0100 Loss: 0.034449
Epoch [38/60], Iter [300/1913] lr 0.0100 Loss: 0.035803
Epoch [38/60], Iter [400/1913] lr 0.0100 Loss: 0.033559
Epoch [38/60], Iter [500/1913] lr 0.0100 Loss: 0.033406
Epoch [38/60], Iter [600/1913] lr 0.0100 Loss: 0.034954
Epoch [38/60], Iter [700/1913] lr 0.0100 Loss: 0.033360
Epoch [38/60], Iter [800/1913] lr 0.0100 Loss: 0.029527
Epoch [38/60], Iter [900/1913] lr 0.0100 Loss: 0.032308
Epoch [38/60], Iter [1000/1913] lr 0.0100 Loss: 0.033166
Epoch [38/60], Iter [1100/1913] lr 0.0100 Loss: 0.033223
Epoch [38/60], Iter [1200/1913] lr 0.0100 Loss: 0.034007
Epoch [38/60], Iter [1300/1913] lr 0.0100 Loss: 0.028217
Epoch [38/60], Iter [1400/1913] lr 0.0100 Loss: 0.029791
Epoch [38/60], Iter [1500/1913] lr 0.0100 Loss: 0.034461
Epoch [38/60], Iter [1600/1913] lr 0.0100 Loss: 0.030770
Epoch [38/60], Iter [1700/1913] lr 0.0100 Loss: 0.028885
Epoch [38/60], Iter [1800/1913] lr 0.0100 Loss: 0.032668
Epoch [38/60], Iter [1900/1913] lr 0.0100 Loss: 0.033692
Epoch [39/60], Iter [100/1913] lr 0.0100 Loss: 0.032141
Epoch [39/60], Iter [200/1913] lr 0.0100 Loss: 0.032344
Epoch [39/60], Iter [300/1913] lr 0.0100 Loss: 0.034604
Epoch [39/60], Iter [400/1913] lr 0.0100 Loss: 0.034522
Epoch [39/60], Iter [500/1913] lr 0.0100 Loss: 0.037265
Epoch [39/60], Iter [600/1913] lr 0.0100 Loss: 0.030429
Epoch [39/60], Iter [700/1913] lr 0.0100 Loss: 0.034622
Epoch [39/60], Iter [800/1913] lr 0.0100 Loss: 0.030833
Epoch [39/60], Iter [900/1913] lr 0.0100 Loss: 0.030876
Epoch [39/60], Iter [1000/1913] lr 0.0100 Loss: 0.032209
Epoch [39/60], Iter [1100/1913] lr 0.0100 Loss: 0.031306
Epoch [39/60], Iter [1200/1913] lr 0.0100 Loss: 0.033795
Epoch [39/60], Iter [1300/1913] lr 0.0100 Loss: 0.032037
Epoch [39/60], Iter [1400/1913] lr 0.0100 Loss: 0.035506
Epoch [39/60], Iter [1500/1913] lr 0.0100 Loss: 0.035872
Epoch [39/60], Iter [1600/1913] lr 0.0100 Loss: 0.030415
Epoch [39/60], Iter [1700/1913] lr 0.0100 Loss: 0.033378
Epoch [39/60], Iter [1800/1913] lr 0.0100 Loss: 0.033936
Epoch [39/60], Iter [1900/1913] lr 0.0100 Loss: 0.030625
Yaw: 17.0222, Pitch: 9.7084, Roll: 8.2181, MAE: 11.6496
saved to output/snapshots/SixDRepNet_1647706641_bs64/res18_epoch_39_mae11.6496.pth
Epoch [40/60], Iter [100/1913] lr 0.0100 Loss: 0.032526
Epoch [40/60], Iter [200/1913] lr 0.0100 Loss: 0.028097
Epoch [40/60], Iter [300/1913] lr 0.0100 Loss: 0.029697
Epoch [40/60], Iter [400/1913] lr 0.0100 Loss: 0.036776
Epoch [40/60], Iter [500/1913] lr 0.0100 Loss: 0.031168
Epoch [40/60], Iter [600/1913] lr 0.0100 Loss: 0.030621
Epoch [40/60], Iter [700/1913] lr 0.0100 Loss: 0.032373
Epoch [40/60], Iter [800/1913] lr 0.0100 Loss: 0.030162
Epoch [40/60], Iter [900/1913] lr 0.0100 Loss: 0.027511
Epoch [40/60], Iter [1000/1913] lr 0.0100 Loss: 0.031201
Epoch [40/60], Iter [1100/1913] lr 0.0100 Loss: 0.032355
Epoch [40/60], Iter [1200/1913] lr 0.0100 Loss: 0.030135
Epoch [40/60], Iter [1300/1913] lr 0.0100 Loss: 0.029570
Epoch [40/60], Iter [1400/1913] lr 0.0100 Loss: 0.036565
Epoch [40/60], Iter [1500/1913] lr 0.0100 Loss: 0.034213
Epoch [40/60], Iter [1600/1913] lr 0.0100 Loss: 0.034159
Epoch [40/60], Iter [1700/1913] lr 0.0100 Loss: 0.031846
Epoch [40/60], Iter [1800/1913] lr 0.0100 Loss: 0.030565
Epoch [40/60], Iter [1900/1913] lr 0.0100 Loss: 0.032603
Epoch [41/60], Iter [100/1913] lr 0.0050 Loss: 0.030451
Epoch [41/60], Iter [200/1913] lr 0.0050 Loss: 0.032215
Epoch [41/60], Iter [300/1913] lr 0.0050 Loss: 0.033476
Epoch [41/60], Iter [400/1913] lr 0.0050 Loss: 0.039549
Epoch [41/60], Iter [500/1913] lr 0.0050 Loss: 0.030829
Epoch [41/60], Iter [600/1913] lr 0.0050 Loss: 0.028902
Epoch [41/60], Iter [700/1913] lr 0.0050 Loss: 0.032157
Epoch [41/60], Iter [800/1913] lr 0.0050 Loss: 0.029328
Epoch [41/60], Iter [900/1913] lr 0.0050 Loss: 0.029932
Epoch [41/60], Iter [1000/1913] lr 0.0050 Loss: 0.029727
Epoch [41/60], Iter [1100/1913] lr 0.0050 Loss: 0.028791
Epoch [41/60], Iter [1200/1913] lr 0.0050 Loss: 0.030702
Epoch [41/60], Iter [1300/1913] lr 0.0050 Loss: 0.027733
Epoch [41/60], Iter [1400/1913] lr 0.0050 Loss: 0.028577
Epoch [41/60], Iter [1500/1913] lr 0.0050 Loss: 0.033780
Epoch [41/60], Iter [1600/1913] lr 0.0050 Loss: 0.029119
Epoch [41/60], Iter [1700/1913] lr 0.0050 Loss: 0.028936
Epoch [41/60], Iter [1800/1913] lr 0.0050 Loss: 0.028189
Epoch [41/60], Iter [1900/1913] lr 0.0050 Loss: 0.028917
Yaw: 17.3431, Pitch: 9.6372, Roll: 8.2242, MAE: 11.7349
saved to output/snapshots/SixDRepNet_1647706641_bs64/res18_epoch_41_mae11.7349.pth
Epoch [42/60], Iter [100/1913] lr 0.0050 Loss: 0.030351
Epoch [42/60], Iter [200/1913] lr 0.0050 Loss: 0.029289
Epoch [42/60], Iter [300/1913] lr 0.0050 Loss: 0.030564
Epoch [42/60], Iter [400/1913] lr 0.0050 Loss: 0.024706
Epoch [42/60], Iter [500/1913] lr 0.0050 Loss: 0.028737
Epoch [42/60], Iter [600/1913] lr 0.0050 Loss: 0.027771
Epoch [42/60], Iter [700/1913] lr 0.0050 Loss: 0.029036
Epoch [42/60], Iter [800/1913] lr 0.0050 Loss: 0.029182
Epoch [42/60], Iter [900/1913] lr 0.0050 Loss: 0.028585
Epoch [42/60], Iter [1000/1913] lr 0.0050 Loss: 0.034806
Epoch [42/60], Iter [1100/1913] lr 0.0050 Loss: 0.028167
Epoch [42/60], Iter [1200/1913] lr 0.0050 Loss: 0.030979
Epoch [42/60], Iter [1300/1913] lr 0.0050 Loss: 0.033208
Epoch [42/60], Iter [1400/1913] lr 0.0050 Loss: 0.030437
Epoch [42/60], Iter [1500/1913] lr 0.0050 Loss: 0.025238
Epoch [42/60], Iter [1600/1913] lr 0.0050 Loss: 0.031921
Epoch [42/60], Iter [1700/1913] lr 0.0050 Loss: 0.032162
Epoch [42/60], Iter [1800/1913] lr 0.0050 Loss: 0.029468
Epoch [42/60], Iter [1900/1913] lr 0.0050 Loss: 0.025825
Epoch [43/60], Iter [100/1913] lr 0.0050 Loss: 0.030462
Epoch [43/60], Iter [200/1913] lr 0.0050 Loss: 0.028823
Epoch [43/60], Iter [300/1913] lr 0.0050 Loss: 0.030489
Epoch [43/60], Iter [400/1913] lr 0.0050 Loss: 0.026272
Epoch [43/60], Iter [500/1913] lr 0.0050 Loss: 0.029331
Epoch [43/60], Iter [600/1913] lr 0.0050 Loss: 0.031715
Epoch [43/60], Iter [700/1913] lr 0.0050 Loss: 0.027321
Epoch [43/60], Iter [800/1913] lr 0.0050 Loss: 0.028599
Epoch [43/60], Iter [900/1913] lr 0.0050 Loss: 0.029088
Epoch [43/60], Iter [1000/1913] lr 0.0050 Loss: 0.027758
Epoch [43/60], Iter [1100/1913] lr 0.0050 Loss: 0.031159
Epoch [43/60], Iter [1200/1913] lr 0.0050 Loss: 0.028046
Epoch [43/60], Iter [1300/1913] lr 0.0050 Loss: 0.029427
Epoch [43/60], Iter [1400/1913] lr 0.0050 Loss: 0.031027
Epoch [43/60], Iter [1500/1913] lr 0.0050 Loss: 0.027116
Epoch [43/60], Iter [1600/1913] lr 0.0050 Loss: 0.030445
Epoch [43/60], Iter [1700/1913] lr 0.0050 Loss: 0.029950
Epoch [43/60], Iter [1800/1913] lr 0.0050 Loss: 0.028142
Epoch [43/60], Iter [1900/1913] lr 0.0050 Loss: 0.029604
Yaw: 17.6511, Pitch: 9.7220, Roll: 8.4426, MAE: 11.9386
saved to output/snapshots/SixDRepNet_1647706641_bs64/res18_epoch_43_mae11.9386.pth
Epoch [44/60], Iter [100/1913] lr 0.0050 Loss: 0.026893
Epoch [44/60], Iter [200/1913] lr 0.0050 Loss: 0.028779
Epoch [44/60], Iter [300/1913] lr 0.0050 Loss: 0.027170
Epoch [44/60], Iter [400/1913] lr 0.0050 Loss: 0.029904
Epoch [44/60], Iter [500/1913] lr 0.0050 Loss: 0.036278
Epoch [44/60], Iter [600/1913] lr 0.0050 Loss: 0.027268
Epoch [44/60], Iter [700/1913] lr 0.0050 Loss: 0.030748
Epoch [44/60], Iter [800/1913] lr 0.0050 Loss: 0.028250
Epoch [44/60], Iter [900/1913] lr 0.0050 Loss: 0.030160
Epoch [44/60], Iter [1000/1913] lr 0.0050 Loss: 0.035049
Epoch [44/60], Iter [1100/1913] lr 0.0050 Loss: 0.026643
Epoch [44/60], Iter [1200/1913] lr 0.0050 Loss: 0.029457
Epoch [44/60], Iter [1300/1913] lr 0.0050 Loss: 0.029470
Epoch [44/60], Iter [1400/1913] lr 0.0050 Loss: 0.029184
Epoch [44/60], Iter [1500/1913] lr 0.0050 Loss: 0.030849
Epoch [44/60], Iter [1600/1913] lr 0.0050 Loss: 0.027871
Epoch [44/60], Iter [1700/1913] lr 0.0050 Loss: 0.029927
Epoch [44/60], Iter [1800/1913] lr 0.0050 Loss: 0.034362
Epoch [44/60], Iter [1900/1913] lr 0.0050 Loss: 0.029336
Epoch [45/60], Iter [100/1913] lr 0.0050 Loss: 0.029214
Epoch [45/60], Iter [200/1913] lr 0.0050 Loss: 0.032770
Epoch [45/60], Iter [300/1913] lr 0.0050 Loss: 0.032208
Epoch [45/60], Iter [400/1913] lr 0.0050 Loss: 0.032244
Epoch [45/60], Iter [500/1913] lr 0.0050 Loss: 0.030909
Epoch [45/60], Iter [600/1913] lr 0.0050 Loss: 0.026500
Epoch [45/60], Iter [700/1913] lr 0.0050 Loss: 0.031408
Epoch [45/60], Iter [800/1913] lr 0.0050 Loss: 0.029918
Epoch [45/60], Iter [900/1913] lr 0.0050 Loss: 0.030902
Epoch [45/60], Iter [1000/1913] lr 0.0050 Loss: 0.031595
Epoch [45/60], Iter [1100/1913] lr 0.0050 Loss: 0.030631
Epoch [45/60], Iter [1200/1913] lr 0.0050 Loss: 0.028631
Epoch [45/60], Iter [1300/1913] lr 0.0050 Loss: 0.029903
Epoch [45/60], Iter [1400/1913] lr 0.0050 Loss: 0.033344
Epoch [45/60], Iter [1500/1913] lr 0.0050 Loss: 0.027814
Epoch [45/60], Iter [1600/1913] lr 0.0050 Loss: 0.028290
Epoch [45/60], Iter [1700/1913] lr 0.0050 Loss: 0.031164
Epoch [45/60], Iter [1800/1913] lr 0.0050 Loss: 0.027517
Epoch [45/60], Iter [1900/1913] lr 0.0050 Loss: 0.027993
Yaw: 17.0370, Pitch: 9.6601, Roll: 8.2361, MAE: 11.6444
saved to output/snapshots/SixDRepNet_1647706641_bs64/res18_epoch_45_mae11.6444.pth
Epoch [46/60], Iter [100/1913] lr 0.0050 Loss: 0.030173
Epoch [46/60], Iter [200/1913] lr 0.0050 Loss: 0.029288
Epoch [46/60], Iter [300/1913] lr 0.0050 Loss: 0.030409
Epoch [46/60], Iter [400/1913] lr 0.0050 Loss: 0.031242
Epoch [46/60], Iter [500/1913] lr 0.0050 Loss: 0.026074
Epoch [46/60], Iter [600/1913] lr 0.0050 Loss: 0.027530
Epoch [46/60], Iter [700/1913] lr 0.0050 Loss: 0.032365
Epoch [46/60], Iter [800/1913] lr 0.0050 Loss: 0.029966
Epoch [46/60], Iter [900/1913] lr 0.0050 Loss: 0.033404
Epoch [46/60], Iter [1000/1913] lr 0.0050 Loss: 0.027605
Epoch [46/60], Iter [1100/1913] lr 0.0050 Loss: 0.031040
Epoch [46/60], Iter [1200/1913] lr 0.0050 Loss: 0.032272
Epoch [46/60], Iter [1300/1913] lr 0.0050 Loss: 0.031082
Epoch [46/60], Iter [1400/1913] lr 0.0050 Loss: 0.033298
Epoch [46/60], Iter [1500/1913] lr 0.0050 Loss: 0.029698
Epoch [46/60], Iter [1600/1913] lr 0.0050 Loss: 0.030364
Epoch [46/60], Iter [1700/1913] lr 0.0050 Loss: 0.031156
Epoch [46/60], Iter [1800/1913] lr 0.0050 Loss: 0.028033
Epoch [46/60], Iter [1900/1913] lr 0.0050 Loss: 0.028200
Epoch [47/60], Iter [100/1913] lr 0.0050 Loss: 0.026986
Epoch [47/60], Iter [200/1913] lr 0.0050 Loss: 0.026343
Epoch [47/60], Iter [300/1913] lr 0.0050 Loss: 0.026524
Epoch [47/60], Iter [400/1913] lr 0.0050 Loss: 0.029867
Epoch [47/60], Iter [500/1913] lr 0.0050 Loss: 0.032275
Epoch [47/60], Iter [600/1913] lr 0.0050 Loss: 0.032281
Epoch [47/60], Iter [700/1913] lr 0.0050 Loss: 0.030584
Epoch [47/60], Iter [800/1913] lr 0.0050 Loss: 0.029826
Epoch [47/60], Iter [900/1913] lr 0.0050 Loss: 0.030303
Epoch [47/60], Iter [1000/1913] lr 0.0050 Loss: 0.031317
Epoch [47/60], Iter [1100/1913] lr 0.0050 Loss: 0.032226
Epoch [47/60], Iter [1200/1913] lr 0.0050 Loss: 0.033474
Epoch [47/60], Iter [1300/1913] lr 0.0050 Loss: 0.027162
Epoch [47/60], Iter [1400/1913] lr 0.0050 Loss: 0.032529
Epoch [47/60], Iter [1500/1913] lr 0.0050 Loss: 0.030053
Epoch [47/60], Iter [1600/1913] lr 0.0050 Loss: 0.031519
Epoch [47/60], Iter [1700/1913] lr 0.0050 Loss: 0.028406
Epoch [47/60], Iter [1800/1913] lr 0.0050 Loss: 0.030140
Epoch [47/60], Iter [1900/1913] lr 0.0050 Loss: 0.029822
Yaw: 17.0524, Pitch: 9.6794, Roll: 8.3820, MAE: 11.7046
saved to output/snapshots/SixDRepNet_1647706641_bs64/res18_epoch_47_mae11.7046.pth
Epoch [48/60], Iter [100/1913] lr 0.0050 Loss: 0.028578
Epoch [48/60], Iter [200/1913] lr 0.0050 Loss: 0.029903
Epoch [48/60], Iter [300/1913] lr 0.0050 Loss: 0.029520
Epoch [48/60], Iter [400/1913] lr 0.0050 Loss: 0.028125
Epoch [48/60], Iter [500/1913] lr 0.0050 Loss: 0.030615
Epoch [48/60], Iter [600/1913] lr 0.0050 Loss: 0.029911
Epoch [48/60], Iter [700/1913] lr 0.0050 Loss: 0.027022
Epoch [48/60], Iter [800/1913] lr 0.0050 Loss: 0.027447
Epoch [48/60], Iter [900/1913] lr 0.0050 Loss: 0.026955
Epoch [48/60], Iter [1000/1913] lr 0.0050 Loss: 0.028363
Epoch [48/60], Iter [1100/1913] lr 0.0050 Loss: 0.031052
Epoch [48/60], Iter [1200/1913] lr 0.0050 Loss: 0.029460
Epoch [48/60], Iter [1300/1913] lr 0.0050 Loss: 0.027262
Epoch [48/60], Iter [1400/1913] lr 0.0050 Loss: 0.032404
Epoch [48/60], Iter [1500/1913] lr 0.0050 Loss: 0.029860
Epoch [48/60], Iter [1600/1913] lr 0.0050 Loss: 0.027241
Epoch [48/60], Iter [1700/1913] lr 0.0050 Loss: 0.033722
Epoch [48/60], Iter [1800/1913] lr 0.0050 Loss: 0.033471
Epoch [48/60], Iter [1900/1913] lr 0.0050 Loss: 0.027917
Epoch [49/60], Iter [100/1913] lr 0.0050 Loss: 0.028610
Epoch [49/60], Iter [200/1913] lr 0.0050 Loss: 0.029630
Epoch [49/60], Iter [300/1913] lr 0.0050 Loss: 0.027648
Epoch [49/60], Iter [400/1913] lr 0.0050 Loss: 0.027091
Epoch [49/60], Iter [500/1913] lr 0.0050 Loss: 0.029502
Epoch [49/60], Iter [600/1913] lr 0.0050 Loss: 0.031954
Epoch [49/60], Iter [700/1913] lr 0.0050 Loss: 0.032561
Epoch [49/60], Iter [800/1913] lr 0.0050 Loss: 0.031379
Epoch [49/60], Iter [900/1913] lr 0.0050 Loss: 0.029718
Epoch [49/60], Iter [1000/1913] lr 0.0050 Loss: 0.029157
Epoch [49/60], Iter [1100/1913] lr 0.0050 Loss: 0.030869
Epoch [49/60], Iter [1200/1913] lr 0.0050 Loss: 0.027854
Epoch [49/60], Iter [1300/1913] lr 0.0050 Loss: 0.029956
Epoch [49/60], Iter [1400/1913] lr 0.0050 Loss: 0.027702
Epoch [49/60], Iter [1500/1913] lr 0.0050 Loss: 0.031034
Epoch [49/60], Iter [1600/1913] lr 0.0050 Loss: 0.030171
Epoch [49/60], Iter [1700/1913] lr 0.0050 Loss: 0.029918
Epoch [49/60], Iter [1800/1913] lr 0.0050 Loss: 0.028686
Epoch [49/60], Iter [1900/1913] lr 0.0050 Loss: 0.032904
Yaw: 16.9291, Pitch: 9.4984, Roll: 8.2265, MAE: 11.5513
saved to output/snapshots/SixDRepNet_1647706641_bs64/res18_epoch_49_mae11.5513.pth
Epoch [50/60], Iter [100/1913] lr 0.0050 Loss: 0.025342
Epoch [50/60], Iter [200/1913] lr 0.0050 Loss: 0.027985
Epoch [50/60], Iter [300/1913] lr 0.0050 Loss: 0.027825
Epoch [50/60], Iter [400/1913] lr 0.0050 Loss: 0.031330
Epoch [50/60], Iter [500/1913] lr 0.0050 Loss: 0.026407
Epoch [50/60], Iter [600/1913] lr 0.0050 Loss: 0.031516
Epoch [50/60], Iter [700/1913] lr 0.0050 Loss: 0.029397
Epoch [50/60], Iter [800/1913] lr 0.0050 Loss: 0.029687
Epoch [50/60], Iter [900/1913] lr 0.0050 Loss: 0.031811
Epoch [50/60], Iter [1000/1913] lr 0.0050 Loss: 0.030831
Epoch [50/60], Iter [1100/1913] lr 0.0050 Loss: 0.027385
Epoch [50/60], Iter [1200/1913] lr 0.0050 Loss: 0.035410
Epoch [50/60], Iter [1300/1913] lr 0.0050 Loss: 0.028291
Epoch [50/60], Iter [1400/1913] lr 0.0050 Loss: 0.031986
Epoch [50/60], Iter [1500/1913] lr 0.0050 Loss: 0.032084
Epoch [50/60], Iter [1600/1913] lr 0.0050 Loss: 0.030054
Epoch [50/60], Iter [1700/1913] lr 0.0050 Loss: 0.031033
Epoch [50/60], Iter [1800/1913] lr 0.0050 Loss: 0.033738
Epoch [50/60], Iter [1900/1913] lr 0.0050 Loss: 0.029489
Epoch [51/60], Iter [100/1913] lr 0.0025 Loss: 0.030990
Epoch [51/60], Iter [200/1913] lr 0.0025 Loss: 0.028416
Epoch [51/60], Iter [300/1913] lr 0.0025 Loss: 0.027898
Epoch [51/60], Iter [400/1913] lr 0.0025 Loss: 0.028436
Epoch [51/60], Iter [500/1913] lr 0.0025 Loss: 0.028926
Epoch [51/60], Iter [600/1913] lr 0.0025 Loss: 0.031897
Epoch [51/60], Iter [700/1913] lr 0.0025 Loss: 0.027726
Epoch [51/60], Iter [800/1913] lr 0.0025 Loss: 0.028380
Epoch [51/60], Iter [900/1913] lr 0.0025 Loss: 0.031101
Epoch [51/60], Iter [1000/1913] lr 0.0025 Loss: 0.030279
Epoch [51/60], Iter [1100/1913] lr 0.0025 Loss: 0.027838
Epoch [51/60], Iter [1200/1913] lr 0.0025 Loss: 0.031313
Epoch [51/60], Iter [1300/1913] lr 0.0025 Loss: 0.027167
Epoch [51/60], Iter [1400/1913] lr 0.0025 Loss: 0.029417
Epoch [51/60], Iter [1500/1913] lr 0.0025 Loss: 0.027313
Epoch [51/60], Iter [1600/1913] lr 0.0025 Loss: 0.029832
Epoch [51/60], Iter [1700/1913] lr 0.0025 Loss: 0.029301
Epoch [51/60], Iter [1800/1913] lr 0.0025 Loss: 0.025860
Epoch [51/60], Iter [1900/1913] lr 0.0025 Loss: 0.026908
Yaw: 16.9633, Pitch: 9.7041, Roll: 8.2606, MAE: 11.6427
saved to output/snapshots/SixDRepNet_1647706641_bs64/res18_epoch_51_mae11.6427.pth
Epoch [52/60], Iter [100/1913] lr 0.0025 Loss: 0.027978
Epoch [52/60], Iter [200/1913] lr 0.0025 Loss: 0.031829
Epoch [52/60], Iter [300/1913] lr 0.0025 Loss: 0.028824
Epoch [52/60], Iter [400/1913] lr 0.0025 Loss: 0.027698
Epoch [52/60], Iter [500/1913] lr 0.0025 Loss: 0.031635
Epoch [52/60], Iter [600/1913] lr 0.0025 Loss: 0.028157
Epoch [52/60], Iter [700/1913] lr 0.0025 Loss: 0.029838
Epoch [52/60], Iter [800/1913] lr 0.0025 Loss: 0.029345
Epoch [52/60], Iter [900/1913] lr 0.0025 Loss: 0.027589
Epoch [52/60], Iter [1000/1913] lr 0.0025 Loss: 0.026606
Epoch [52/60], Iter [1100/1913] lr 0.0025 Loss: 0.026917
Epoch [52/60], Iter [1200/1913] lr 0.0025 Loss: 0.032019
Epoch [52/60], Iter [1300/1913] lr 0.0025 Loss: 0.026019
Epoch [52/60], Iter [1400/1913] lr 0.0025 Loss: 0.029526
Epoch [52/60], Iter [1500/1913] lr 0.0025 Loss: 0.029362
Epoch [52/60], Iter [1600/1913] lr 0.0025 Loss: 0.026731
Epoch [52/60], Iter [1700/1913] lr 0.0025 Loss: 0.029553
Epoch [52/60], Iter [1800/1913] lr 0.0025 Loss: 0.023847
Epoch [52/60], Iter [1900/1913] lr 0.0025 Loss: 0.026209
Epoch [53/60], Iter [100/1913] lr 0.0025 Loss: 0.027971
Epoch [53/60], Iter [200/1913] lr 0.0025 Loss: 0.024330
Epoch [53/60], Iter [300/1913] lr 0.0025 Loss: 0.033336
Epoch [53/60], Iter [400/1913] lr 0.0025 Loss: 0.028462
Epoch [53/60], Iter [500/1913] lr 0.0025 Loss: 0.027224
Epoch [53/60], Iter [600/1913] lr 0.0025 Loss: 0.027872
Epoch [53/60], Iter [700/1913] lr 0.0025 Loss: 0.026840
Epoch [53/60], Iter [800/1913] lr 0.0025 Loss: 0.029070
Epoch [53/60], Iter [900/1913] lr 0.0025 Loss: 0.028475
Epoch [53/60], Iter [1000/1913] lr 0.0025 Loss: 0.028032
Epoch [53/60], Iter [1100/1913] lr 0.0025 Loss: 0.027882
Epoch [53/60], Iter [1200/1913] lr 0.0025 Loss: 0.027879
Epoch [53/60], Iter [1300/1913] lr 0.0025 Loss: 0.028472
Epoch [53/60], Iter [1400/1913] lr 0.0025 Loss: 0.034701
Epoch [53/60], Iter [1500/1913] lr 0.0025 Loss: 0.028691
Epoch [53/60], Iter [1600/1913] lr 0.0025 Loss: 0.030506
Epoch [53/60], Iter [1700/1913] lr 0.0025 Loss: 0.033239
Epoch [53/60], Iter [1800/1913] lr 0.0025 Loss: 0.027355
Epoch [53/60], Iter [1900/1913] lr 0.0025 Loss: 0.025867
Yaw: 16.6078, Pitch: 9.7354, Roll: 8.2708, MAE: 11.5380
saved to output/snapshots/SixDRepNet_1647706641_bs64/res18_epoch_53_mae11.538.pth
Epoch [54/60], Iter [100/1913] lr 0.0025 Loss: 0.028184
Epoch [54/60], Iter [200/1913] lr 0.0025 Loss: 0.027545
Epoch [54/60], Iter [300/1913] lr 0.0025 Loss: 0.028824
Epoch [54/60], Iter [400/1913] lr 0.0025 Loss: 0.025002
Epoch [54/60], Iter [500/1913] lr 0.0025 Loss: 0.028410
Epoch [54/60], Iter [600/1913] lr 0.0025 Loss: 0.031953
Epoch [54/60], Iter [700/1913] lr 0.0025 Loss: 0.027916
Epoch [54/60], Iter [800/1913] lr 0.0025 Loss: 0.030970
Epoch [54/60], Iter [900/1913] lr 0.0025 Loss: 0.027823
Epoch [54/60], Iter [1000/1913] lr 0.0025 Loss: 0.023842
Epoch [54/60], Iter [1100/1913] lr 0.0025 Loss: 0.028287
Epoch [54/60], Iter [1200/1913] lr 0.0025 Loss: 0.027808
Epoch [54/60], Iter [1300/1913] lr 0.0025 Loss: 0.029490
Epoch [54/60], Iter [1400/1913] lr 0.0025 Loss: 0.026867
Epoch [54/60], Iter [1500/1913] lr 0.0025 Loss: 0.027203
Epoch [54/60], Iter [1600/1913] lr 0.0025 Loss: 0.030020
Epoch [54/60], Iter [1700/1913] lr 0.0025 Loss: 0.027023
Epoch [54/60], Iter [1800/1913] lr 0.0025 Loss: 0.033658
Epoch [54/60], Iter [1900/1913] lr 0.0025 Loss: 0.029434
Epoch [55/60], Iter [100/1913] lr 0.0025 Loss: 0.027261
Epoch [55/60], Iter [200/1913] lr 0.0025 Loss: 0.029062
Epoch [55/60], Iter [300/1913] lr 0.0025 Loss: 0.028458
Epoch [55/60], Iter [400/1913] lr 0.0025 Loss: 0.026857
Epoch [55/60], Iter [500/1913] lr 0.0025 Loss: 0.024896
Epoch [55/60], Iter [600/1913] lr 0.0025 Loss: 0.026610
Epoch [55/60], Iter [700/1913] lr 0.0025 Loss: 0.027672
Epoch [55/60], Iter [800/1913] lr 0.0025 Loss: 0.021919
Epoch [55/60], Iter [900/1913] lr 0.0025 Loss: 0.029216
Epoch [55/60], Iter [1000/1913] lr 0.0025 Loss: 0.024411
Epoch [55/60], Iter [1100/1913] lr 0.0025 Loss: 0.029549
Epoch [55/60], Iter [1200/1913] lr 0.0025 Loss: 0.031851
Epoch [55/60], Iter [1300/1913] lr 0.0025 Loss: 0.028906
Epoch [55/60], Iter [1400/1913] lr 0.0025 Loss: 0.029758
Epoch [55/60], Iter [1500/1913] lr 0.0025 Loss: 0.027289
Epoch [55/60], Iter [1600/1913] lr 0.0025 Loss: 0.028930
Epoch [55/60], Iter [1700/1913] lr 0.0025 Loss: 0.027301
Epoch [55/60], Iter [1800/1913] lr 0.0025 Loss: 0.029994
Epoch [55/60], Iter [1900/1913] lr 0.0025 Loss: 0.028336
Yaw: 16.4792, Pitch: 9.6689, Roll: 8.3038, MAE: 11.4840
saved to output/snapshots/SixDRepNet_1647706641_bs64/res18_epoch_55_mae11.484.pth
Epoch [56/60], Iter [100/1913] lr 0.0025 Loss: 0.033083
Epoch [56/60], Iter [200/1913] lr 0.0025 Loss: 0.026764
Epoch [56/60], Iter [300/1913] lr 0.0025 Loss: 0.025630
Epoch [56/60], Iter [400/1913] lr 0.0025 Loss: 0.027693
Epoch [56/60], Iter [500/1913] lr 0.0025 Loss: 0.029343
Epoch [56/60], Iter [600/1913] lr 0.0025 Loss: 0.027727
Epoch [56/60], Iter [700/1913] lr 0.0025 Loss: 0.025058
Epoch [56/60], Iter [800/1913] lr 0.0025 Loss: 0.025468
Epoch [56/60], Iter [900/1913] lr 0.0025 Loss: 0.028541
Epoch [56/60], Iter [1000/1913] lr 0.0025 Loss: 0.028048
Epoch [56/60], Iter [1100/1913] lr 0.0025 Loss: 0.030315
Epoch [56/60], Iter [1200/1913] lr 0.0025 Loss: 0.026435
Epoch [56/60], Iter [1300/1913] lr 0.0025 Loss: 0.029386
Epoch [56/60], Iter [1400/1913] lr 0.0025 Loss: 0.027525
Epoch [56/60], Iter [1500/1913] lr 0.0025 Loss: 0.029614
Epoch [56/60], Iter [1600/1913] lr 0.0025 Loss: 0.027316
Epoch [56/60], Iter [1700/1913] lr 0.0025 Loss: 0.025742
Epoch [56/60], Iter [1800/1913] lr 0.0025 Loss: 0.026658
Epoch [56/60], Iter [1900/1913] lr 0.0025 Loss: 0.027676
Epoch [57/60], Iter [100/1913] lr 0.0025 Loss: 0.028116
Epoch [57/60], Iter [200/1913] lr 0.0025 Loss: 0.027706
Epoch [57/60], Iter [300/1913] lr 0.0025 Loss: 0.027331
Epoch [57/60], Iter [400/1913] lr 0.0025 Loss: 0.029274
Epoch [57/60], Iter [500/1913] lr 0.0025 Loss: 0.028344
Epoch [57/60], Iter [600/1913] lr 0.0025 Loss: 0.025254
Epoch [57/60], Iter [700/1913] lr 0.0025 Loss: 0.029892
Epoch [57/60], Iter [800/1913] lr 0.0025 Loss: 0.028544
Epoch [57/60], Iter [900/1913] lr 0.0025 Loss: 0.024956
Epoch [57/60], Iter [1000/1913] lr 0.0025 Loss: 0.027074
Epoch [57/60], Iter [1100/1913] lr 0.0025 Loss: 0.029818
Epoch [57/60], Iter [1200/1913] lr 0.0025 Loss: 0.028672
Epoch [57/60], Iter [1300/1913] lr 0.0025 Loss: 0.026786
Epoch [57/60], Iter [1400/1913] lr 0.0025 Loss: 0.027819
Epoch [57/60], Iter [1500/1913] lr 0.0025 Loss: 0.029056
Epoch [57/60], Iter [1600/1913] lr 0.0025 Loss: 0.024209
Epoch [57/60], Iter [1700/1913] lr 0.0025 Loss: 0.026663
Epoch [57/60], Iter [1800/1913] lr 0.0025 Loss: 0.027343
Epoch [57/60], Iter [1900/1913] lr 0.0025 Loss: 0.025710
Yaw: 17.4725, Pitch: 9.7876, Roll: 8.3083, MAE: 11.8561
saved to output/snapshots/SixDRepNet_1647706641_bs64/res18_epoch_57_mae11.8561.pth
Epoch [58/60], Iter [100/1913] lr 0.0025 Loss: 0.029957
Epoch [58/60], Iter [200/1913] lr 0.0025 Loss: 0.030970
Epoch [58/60], Iter [300/1913] lr 0.0025 Loss: 0.027840
Epoch [58/60], Iter [400/1913] lr 0.0025 Loss: 0.027946
Epoch [58/60], Iter [500/1913] lr 0.0025 Loss: 0.028683
Epoch [58/60], Iter [600/1913] lr 0.0025 Loss: 0.026077
Epoch [58/60], Iter [700/1913] lr 0.0025 Loss: 0.025068
Epoch [58/60], Iter [800/1913] lr 0.0025 Loss: 0.027781
Epoch [58/60], Iter [900/1913] lr 0.0025 Loss: 0.025728
Epoch [58/60], Iter [1000/1913] lr 0.0025 Loss: 0.026639
Epoch [58/60], Iter [1100/1913] lr 0.0025 Loss: 0.025686
Epoch [58/60], Iter [1200/1913] lr 0.0025 Loss: 0.029020
Epoch [58/60], Iter [1300/1913] lr 0.0025 Loss: 0.027527
Epoch [58/60], Iter [1400/1913] lr 0.0025 Loss: 0.025076
Epoch [58/60], Iter [1500/1913] lr 0.0025 Loss: 0.032028
Epoch [58/60], Iter [1600/1913] lr 0.0025 Loss: 0.027361
Epoch [58/60], Iter [1700/1913] lr 0.0025 Loss: 0.025381
Epoch [58/60], Iter [1800/1913] lr 0.0025 Loss: 0.027255
Epoch [58/60], Iter [1900/1913] lr 0.0025 Loss: 0.025544
Epoch [59/60], Iter [100/1913] lr 0.0025 Loss: 0.027927
Epoch [59/60], Iter [200/1913] lr 0.0025 Loss: 0.028667
Epoch [59/60], Iter [300/1913] lr 0.0025 Loss: 0.026698
Epoch [59/60], Iter [400/1913] lr 0.0025 Loss: 0.028214
Epoch [59/60], Iter [500/1913] lr 0.0025 Loss: 0.025922
Epoch [59/60], Iter [600/1913] lr 0.0025 Loss: 0.027977
Epoch [59/60], Iter [700/1913] lr 0.0025 Loss: 0.029101
Epoch [59/60], Iter [800/1913] lr 0.0025 Loss: 0.024867
Epoch [59/60], Iter [900/1913] lr 0.0025 Loss: 0.028531
Epoch [59/60], Iter [1000/1913] lr 0.0025 Loss: 0.025071
Epoch [59/60], Iter [1100/1913] lr 0.0025 Loss: 0.030815
Epoch [59/60], Iter [1200/1913] lr 0.0025 Loss: 0.023555
Epoch [59/60], Iter [1300/1913] lr 0.0025 Loss: 0.028332
Epoch [59/60], Iter [1400/1913] lr 0.0025 Loss: 0.024168
Epoch [59/60], Iter [1500/1913] lr 0.0025 Loss: 0.026605
Epoch [59/60], Iter [1600/1913] lr 0.0025 Loss: 0.027131
Epoch [59/60], Iter [1700/1913] lr 0.0025 Loss: 0.030085
Epoch [59/60], Iter [1800/1913] lr 0.0025 Loss: 0.030901
Epoch [59/60], Iter [1900/1913] lr 0.0025 Loss: 0.025907
Yaw: 16.6261, Pitch: 9.6349, Roll: 8.2111, MAE: 11.4907
saved to output/snapshots/SixDRepNet_1647706641_bs64/res18_epoch_59_mae11.4907.pth
Epoch [60/60], Iter [100/1913] lr 0.0025 Loss: 0.027951
Epoch [60/60], Iter [200/1913] lr 0.0025 Loss: 0.027331
Epoch [60/60], Iter [300/1913] lr 0.0025 Loss: 0.025495
Epoch [60/60], Iter [400/1913] lr 0.0025 Loss: 0.027366
Epoch [60/60], Iter [500/1913] lr 0.0025 Loss: 0.026852
Epoch [60/60], Iter [600/1913] lr 0.0025 Loss: 0.028513
Epoch [60/60], Iter [700/1913] lr 0.0025 Loss: 0.027636
Epoch [60/60], Iter [800/1913] lr 0.0025 Loss: 0.027876
Epoch [60/60], Iter [900/1913] lr 0.0025 Loss: 0.024751
Epoch [60/60], Iter [1000/1913] lr 0.0025 Loss: 0.026750
Epoch [60/60], Iter [1100/1913] lr 0.0025 Loss: 0.023837
Epoch [60/60], Iter [1200/1913] lr 0.0025 Loss: 0.025933
Epoch [60/60], Iter [1300/1913] lr 0.0025 Loss: 0.025051
Epoch [60/60], Iter [1400/1913] lr 0.0025 Loss: 0.029376
Epoch [60/60], Iter [1500/1913] lr 0.0025 Loss: 0.028045
Epoch [60/60], Iter [1600/1913] lr 0.0025 Loss: 0.026999
Epoch [60/60], Iter [1700/1913] lr 0.0025 Loss: 0.027512
Epoch [60/60], Iter [1800/1913] lr 0.0025 Loss: 0.027432
Epoch [60/60], Iter [1900/1913] lr 0.0025 Loss: 0.028224
Yaw: 17.3137, Pitch: 9.8700, Roll: 8.2955, MAE: 11.8264
saved to output/snapshots/SixDRepNet_1647706641_bs64/res18_epoch_60_mae11.8264.pth
